<?xml version="1.0" encoding="utf-8"?><testsuites name="pytest tests"><testsuite name="pytest" errors="0" failures="0" skipped="0" tests="10" time="3.452" timestamp="2026-07-01T08:22:37.102768+00:00" hostname="agent-env-2b0c22bf-0201-4eb8-983d-1c21efeb7101"><testcase classname="backend.tests.test_customer_lookup" name="test_lookup_min_2_chars" time="0.512" /><testcase classname="backend.tests.test_customer_lookup" name="test_lookup_returns_matching_customer_shape" time="0.102" /><testcase classname="backend.tests.test_customer_lookup" name="test_lookup_customer_without_phone_returns_empty_phone" time="0.097" /><testcase classname="backend.tests.test_customer_lookup" name="test_lookup_by_customer_id" time="0.212" /><testcase classname="backend.tests.test_customer_lookup" name="test_lookup_by_unknown_customer_id_returns_null" time="0.101" /><testcase classname="backend.tests.test_customer_lookup" name="test_lookup_non_admin_forbidden" time="0.399" /><testcase classname="backend.tests.test_customer_lookup" name="test_create_invoice_auto_hydrates_from_master" time="0.278" /><testcase classname="backend.tests.test_customer_lookup" name="test_create_invoice_without_customer_id_is_manual" time="0.217" /><testcase classname="backend.tests.test_customer_lookup" name="test_historical_snapshot_preserved_on_master_update" time="0.778" /><testcase classname="backend.tests.test_customer_lookup" name="test_update_invoice_preserves_snapshot" time="0.695" /></testsuite></testsuites>