<?xml version="1.0" encoding="utf-8"?><testsuites name="pytest tests"><testsuite name="pytest" errors="0" failures="0" skipped="0" tests="8" time="2.637" timestamp="2026-06-30T08:02:36.203910+00:00" hostname="agent-env-2b0c22bf-0201-4eb8-983d-1c21efeb7101"><testcase classname="backend.tests.test_discrepancy_invoices" name="test_create_invoice_with_mismatch_no_reason_rejected" time="0.537" /><testcase classname="backend.tests.test_discrepancy_invoices" name="test_create_invoice_with_mismatch_and_reason_saves" time="0.207" /><testcase classname="backend.tests.test_discrepancy_invoices" name="test_list_discrepancies_includes_new_invoice" time="0.308" /><testcase classname="backend.tests.test_discrepancy_invoices" name="test_review_approve" time="0.303" /><testcase classname="backend.tests.test_discrepancy_invoices" name="test_review_reject" time="0.308" /><testcase classname="backend.tests.test_discrepancy_invoices" name="test_correct_endpoint_clears_discrepancy_when_matched" time="0.299" /><testcase classname="backend.tests.test_discrepancy_invoices" name="test_discrepancy_report" time="0.294" /><testcase classname="backend.tests.test_discrepancy_invoices" name="test_tolerance_within_1_rupee_no_flag" time="0.306" /></testsuite></testsuites>