<?xml version="1.0" encoding="utf-8"?><testsuites name="pytest tests"><testsuite name="pytest" errors="0" failures="0" skipped="0" tests="4" time="2.004" timestamp="2026-06-30T08:07:36.032766+00:00" hostname="agent-env-2b0c22bf-0201-4eb8-983d-1c21efeb7101"><testcase classname="backend.tests.test_discrepancy_extras" name="test_put_invoice_mismatch_requires_reason" time="0.903" /><testcase classname="backend.tests.test_discrepancy_extras" name="test_put_invoice_back_to_match_clears_discrepancy" time="0.396" /><testcase classname="backend.tests.test_discrepancy_extras" name="test_list_discrepancies_status_filter" time="0.298" /><testcase classname="backend.tests.test_discrepancy_extras" name="test_sales_entries_discrepancy_guard_optional" time="0.348" /></testsuite></testsuites>