<?xml version="1.0" encoding="utf-8"?><testsuites name="pytest tests"><testsuite name="pytest" errors="0" failures="0" skipped="1" tests="68" time="85.647" timestamp="2026-06-30T08:02:44.532486+00:00" hostname="agent-env-2b0c22bf-0201-4eb8-983d-1c21efeb7101"><testcase classname="backend.tests.test_gst_billing.TestAccessControl" name="test_admin_access" time="0.452" /><testcase classname="backend.tests.test_gst_billing.TestAccessControl" name="test_non_admin_blocked" time="0.714" /><testcase classname="backend.tests.test_gst_billing.TestConfig" name="test_default_config" time="0.093" /><testcase classname="backend.tests.test_gst_billing.TestConfig" name="test_update_config" time="0.210" /><testcase classname="backend.tests.test_gst_billing.TestConfig" name="test_invalid_tax_mode" time="0.096" /><testcase classname="backend.tests.test_gst_billing.TestItems" name="test_items_seeded" time="0.104" /><testcase classname="backend.tests.test_gst_billing.TestItems" name="test_item_crud" time="0.285" /><testcase classname="backend.tests.test_gst_billing.TestInvoiceCRUD" name="test_create_invoice_totals" time="0.113" /><testcase classname="backend.tests.test_gst_billing.TestInvoiceCRUD" name="test_inter_state_only_igst" time="0.212" /><testcase classname="backend.tests.test_gst_billing.TestInvoiceCRUD" name="test_update_invoice" time="0.208" /><testcase classname="backend.tests.test_gst_billing.TestInvoiceCRUD" name="test_cancel_then_no_edit" time="0.621" /><testcase classname="backend.tests.test_gst_billing.TestListSummary" name="test_summary" time="0.106" /><testcase classname="backend.tests.test_gst_billing.TestListSummary" name="test_list_pagination" time="0.101" /><testcase classname="backend.tests.test_gst_billing.TestListSummary" name="test_list_filters" time="0.133" /><testcase classname="backend.tests.test_gst_billing.TestAutoGen" name="test_lpg_refill_auto_invoice" time="0.195"><skipped type="pytest.skip" message="Sale create not supported here: 400 {&quot;detail&quot;:{&quot;code&quot;:&quot;discrepancy_requires_reason&quot;,&quot;message&quot;:&quot;Amount mismatch detected vs configured rate — justification required to save.&quot;,&quot;expected_amount&quot;:2000.0,&quot;actual_amount&quot;:1100.0,&quot;discrepancy_a">/app/backend/tests/test_gst_billing.py:232: Sale create not supported here: 400 {"detail":{"code":"discrepancy_requires_reason","message":"Amount mismatch detected vs configured rate — justification required to save.","expected_amount":2000.0,"actual_amount":1100.0,"discrepancy_a</skipped></testcase><testcase classname="backend.tests.test_gst_billing.TestAutoGen" name="test_duplicate_generate_returns_400" time="0.219" /><testcase classname="backend.tests.test_gst_billing.TestAutoGen" name="test_generate_invalid_sale_type" time="0.092" /><testcase classname="backend.tests.test_gst_billing.TestExports" name="test_excel_export" time="0.346" /><testcase classname="backend.tests.test_gst_billing.TestExports" name="test_pdf_export" time="0.320" /><testcase classname="backend.tests.test_gst_item_bulk_history.TestTemplateDownload" name="test_template_returns_valid_xlsx" time="0.427" /><testcase classname="backend.tests.test_gst_item_bulk_history.TestTemplateDownload" name="test_template_requires_admin" time="0.112" /><testcase classname="backend.tests.test_gst_item_bulk_history.TestBulkUploadCsv" name="test_bulk_upload_csv_creates_item" time="0.297" /><testcase classname="backend.tests.test_gst_item_bulk_history.TestBulkUploadCsv" name="test_bulk_upload_no_file_400" time="0.101" /><testcase classname="backend.tests.test_gst_item_bulk_history.TestBulkUploadCsv" name="test_bulk_upload_requires_admin" time="0.103" /><testcase classname="backend.tests.test_gst_item_bulk_history.TestBulkUpdateJson" name="test_bulk_update_existing_item_records_history" time="0.313" /><testcase classname="backend.tests.test_gst_item_bulk_history.TestBulkUploadXlsx" name="test_bulk_upload_xlsx_creates_item" time="0.106" /><testcase classname="backend.tests.test_gst_item_bulk_history.TestHistory" name="test_history_list" time="0.101" /><testcase classname="backend.tests.test_gst_item_bulk_history.TestHistory" name="test_history_date_filter" time="0.104" /><testcase classname="backend.tests.test_gst_item_bulk_history.TestHistory" name="test_history_excel_export" time="0.157" /><testcase classname="backend.tests.test_gst_item_bulk_history.TestHistory" name="test_history_requires_admin" time="0.187" /><testcase classname="backend.tests.test_gst_item_bulk_history.TestRegression" name="test_get_items" time="0.103" /><testcase classname="backend.tests.test_gst_item_bulk_history.TestRegression" name="test_get_plans" time="0.095" /><testcase classname="backend.tests.test_gst_item_bulk_history.TestRegression" name="test_get_invoices" time="0.104" /><testcase classname="backend.tests.test_gst_item_bulk_history.TestRegression" name="test_reports_list" time="0.194" /><testcase classname="backend.tests.test_gst_item_master_sync.TestBackfill" name="test_backfill_links_master_items" time="0.422" /><testcase classname="backend.tests.test_gst_item_master_sync.TestBackfill" name="test_known_items_are_linked" time="0.201" /><testcase classname="backend.tests.test_gst_item_master_sync.TestCascadeUpdate" name="test_post_plan_preserves_item_id" time="0.386" /><testcase classname="backend.tests.test_gst_item_master_sync.TestCascadeUpdate" name="test_cascade_name_hsn_unit_gst" time="0.606" /><testcase classname="backend.tests.test_gst_item_master_sync.TestCascadeUpdate" name="test_cascade_excludes_unit_price" time="0.605" /><testcase classname="backend.tests.test_gst_item_master_sync.TestActivateDeactivate" name="test_deactivate_then_list_shows_inactive" time="0.414" /><testcase classname="backend.tests.test_gst_item_master_sync.TestActivateDeactivate" name="test_activate_restores" time="0.528" /><testcase classname="backend.tests.test_gst_item_master_sync.TestActivateDeactivate" name="test_activate_404_for_unknown" time="0.111" /><testcase classname="backend.tests.test_gst_item_master_sync.TestActivateDeactivate" name="test_non_admin_403" time="0.629" /><testcase classname="backend.tests.test_gst_item_master_sync.TestHistoricalInvariant" name="test_invoice_not_cascaded_when_item_renamed" time="0.586" /><testcase classname="backend.tests.test_gst_item_master_sync.TestPlanPutPreservesItemId" name="test_put_preserves_item_id" time="68.971" /><testcase classname="backend.tests.test_excel_branded_exports.TestSalesExcelBranding" name="test_sales_excel_branded" time="0.459" /><testcase classname="backend.tests.test_excel_branded_exports.TestSalesSummaryExcelBranding" name="test_sales_summary_daily" time="0.113" /><testcase classname="backend.tests.test_excel_branded_exports.TestCustomerRefillExcelBranding" name="test_customer_refill_branded" time="0.130" /><testcase classname="backend.tests.test_excel_branded_exports.TestCustomersExcelBranding" name="test_customers_excel_branded" time="0.119" /><testcase classname="backend.tests.test_excel_branded_exports.TestExportExcelDailyBranding" name="test_daily_inventory_report" time="0.112" /><testcase classname="backend.tests.test_excel_branded_exports.TestExportExcelPlantBranding" name="test_plant_main_and_breakdown_sheets_branded" time="0.113" /><testcase classname="backend.tests.test_excel_branded_exports.TestGstItemsRouteRegression" name="test_list_items_200" time="0.106" /><testcase classname="backend.tests.test_excel_branded_exports.TestGstItemsRouteRegression" name="test_template_excel_200" time="0.113" /><testcase classname="backend.tests.test_excel_branded_exports.TestGstItemsRouteRegression" name="test_history_list_200" time="0.100" /><testcase classname="backend.tests.test_excel_branded_exports.TestGstItemsRouteRegression" name="test_history_excel_200" time="0.150" /><testcase classname="backend.tests.test_excel_branded_exports.TestGstItemsRouteRegression" name="test_create_update_deactivate_activate_flow" time="0.399" /><testcase classname="backend.tests.test_excel_branded_exports.TestGstItemsRouteRegression" name="test_bulk_update_json" time="0.111" /><testcase classname="backend.tests.test_excel_branded_exports.TestGstBillingRegression" name="test_plans_list" time="0.107" /><testcase classname="backend.tests.test_excel_branded_exports.TestGstBillingRegression" name="test_invoices_paginated" time="0.104" /><testcase classname="backend.tests.test_excel_branded_exports.TestGstBillingRegression" name="test_reports_list" time="0.093" /><testcase classname="backend.tests.test_discrepancy_invoices" name="test_create_invoice_with_mismatch_no_reason_rejected" time="0.441" /><testcase classname="backend.tests.test_discrepancy_invoices" name="test_create_invoice_with_mismatch_and_reason_saves" time="0.199" /><testcase classname="backend.tests.test_discrepancy_invoices" name="test_list_discrepancies_includes_new_invoice" time="0.305" /><testcase classname="backend.tests.test_discrepancy_invoices" name="test_review_approve" time="0.313" /><testcase classname="backend.tests.test_discrepancy_invoices" name="test_review_reject" time="0.310" /><testcase classname="backend.tests.test_discrepancy_invoices" name="test_correct_endpoint_clears_discrepancy_when_matched" time="0.308" /><testcase classname="backend.tests.test_discrepancy_invoices" name="test_discrepancy_report" time="0.307" /><testcase classname="backend.tests.test_discrepancy_invoices" name="test_tolerance_within_1_rupee_no_flag" time="0.312" /></testsuite></testsuites>