<?xml version="1.0" encoding="utf-8"?><testsuites name="pytest tests"><testsuite name="pytest" errors="0" failures="0" skipped="1" tests="88" time="89.298" timestamp="2026-06-30T08:47:43.278652+00:00" hostname="agent-env-2b0c22bf-0201-4eb8-983d-1c21efeb7101"><testcase classname="backend.tests.test_gst_billing.TestAccessControl" name="test_admin_access" time="0.457" /><testcase classname="backend.tests.test_gst_billing.TestAccessControl" name="test_non_admin_blocked" time="0.702" /><testcase classname="backend.tests.test_gst_billing.TestConfig" name="test_default_config" time="0.099" /><testcase classname="backend.tests.test_gst_billing.TestConfig" name="test_update_config" time="0.197" /><testcase classname="backend.tests.test_gst_billing.TestConfig" name="test_invalid_tax_mode" time="0.094" /><testcase classname="backend.tests.test_gst_billing.TestItems" name="test_items_seeded" time="0.101" /><testcase classname="backend.tests.test_gst_billing.TestItems" name="test_item_crud" time="0.294" /><testcase classname="backend.tests.test_gst_billing.TestInvoiceCRUD" name="test_create_invoice_totals" time="0.113" /><testcase classname="backend.tests.test_gst_billing.TestInvoiceCRUD" name="test_inter_state_only_igst" time="0.208" /><testcase classname="backend.tests.test_gst_billing.TestInvoiceCRUD" name="test_update_invoice" time="0.211" /><testcase classname="backend.tests.test_gst_billing.TestInvoiceCRUD" name="test_cancel_then_no_edit" time="0.620" /><testcase classname="backend.tests.test_gst_billing.TestListSummary" name="test_summary" time="0.099" /><testcase classname="backend.tests.test_gst_billing.TestListSummary" name="test_list_pagination" time="0.102" /><testcase classname="backend.tests.test_gst_billing.TestListSummary" name="test_list_filters" time="0.117" /><testcase classname="backend.tests.test_gst_billing.TestAutoGen" name="test_lpg_refill_auto_invoice" time="42.559"><skipped type="pytest.skip" message="Sale create not supported here: 400 {&quot;detail&quot;:{&quot;code&quot;:&quot;discrepancy_requires_reason&quot;,&quot;message&quot;:&quot;Amount mismatch detected vs configured rate — justification required to save.&quot;,&quot;expected_amount&quot;:2000.0,&quot;actual_amount&quot;:1100.0,&quot;discrepancy_a">/app/backend/tests/test_gst_billing.py:232: Sale create not supported here: 400 {"detail":{"code":"discrepancy_requires_reason","message":"Amount mismatch detected vs configured rate — justification required to save.","expected_amount":2000.0,"actual_amount":1100.0,"discrepancy_a</skipped></testcase><testcase classname="backend.tests.test_gst_billing.TestAutoGen" name="test_duplicate_generate_returns_400" time="19.636" /><testcase classname="backend.tests.test_gst_billing.TestAutoGen" name="test_generate_invalid_sale_type" time="0.098" /><testcase classname="backend.tests.test_gst_billing.TestExports" name="test_excel_export" time="0.339" /><testcase classname="backend.tests.test_gst_billing.TestExports" name="test_pdf_export" time="0.303" /><testcase classname="backend.tests.test_gst_item_bulk_history.TestTemplateDownload" name="test_template_returns_valid_xlsx" time="0.433" /><testcase classname="backend.tests.test_gst_item_bulk_history.TestTemplateDownload" name="test_template_requires_admin" time="0.094" /><testcase classname="backend.tests.test_gst_item_bulk_history.TestBulkUploadCsv" name="test_bulk_upload_csv_creates_item" time="0.319" /><testcase classname="backend.tests.test_gst_item_bulk_history.TestBulkUploadCsv" name="test_bulk_upload_no_file_400" time="0.106" /><testcase classname="backend.tests.test_gst_item_bulk_history.TestBulkUploadCsv" name="test_bulk_upload_requires_admin" time="0.098" /><testcase classname="backend.tests.test_gst_item_bulk_history.TestBulkUpdateJson" name="test_bulk_update_existing_item_records_history" time="0.304" /><testcase classname="backend.tests.test_gst_item_bulk_history.TestBulkUploadXlsx" name="test_bulk_upload_xlsx_creates_item" time="0.108" /><testcase classname="backend.tests.test_gst_item_bulk_history.TestHistory" name="test_history_list" time="0.105" /><testcase classname="backend.tests.test_gst_item_bulk_history.TestHistory" name="test_history_date_filter" time="0.098" /><testcase classname="backend.tests.test_gst_item_bulk_history.TestHistory" name="test_history_excel_export" time="0.133" /><testcase classname="backend.tests.test_gst_item_bulk_history.TestHistory" name="test_history_requires_admin" time="0.210" /><testcase classname="backend.tests.test_gst_item_bulk_history.TestRegression" name="test_get_items" time="0.132" /><testcase classname="backend.tests.test_gst_item_bulk_history.TestRegression" name="test_get_plans" time="0.104" /><testcase classname="backend.tests.test_gst_item_bulk_history.TestRegression" name="test_get_invoices" time="0.105" /><testcase classname="backend.tests.test_gst_item_bulk_history.TestRegression" name="test_reports_list" time="0.199" /><testcase classname="backend.tests.test_gst_item_master_sync.TestBackfill" name="test_backfill_links_master_items" time="0.421" /><testcase classname="backend.tests.test_gst_item_master_sync.TestBackfill" name="test_known_items_are_linked" time="0.215" /><testcase classname="backend.tests.test_gst_item_master_sync.TestCascadeUpdate" name="test_post_plan_preserves_item_id" time="4.552" /><testcase classname="backend.tests.test_gst_item_master_sync.TestCascadeUpdate" name="test_cascade_name_hsn_unit_gst" time="0.591" /><testcase classname="backend.tests.test_gst_item_master_sync.TestCascadeUpdate" name="test_cascade_excludes_unit_price" time="0.602" /><testcase classname="backend.tests.test_gst_item_master_sync.TestActivateDeactivate" name="test_deactivate_then_list_shows_inactive" time="0.401" /><testcase classname="backend.tests.test_gst_item_master_sync.TestActivateDeactivate" name="test_activate_restores" time="0.520" /><testcase classname="backend.tests.test_gst_item_master_sync.TestActivateDeactivate" name="test_activate_404_for_unknown" time="0.098" /><testcase classname="backend.tests.test_gst_item_master_sync.TestActivateDeactivate" name="test_non_admin_403" time="0.612" /><testcase classname="backend.tests.test_gst_item_master_sync.TestHistoricalInvariant" name="test_invoice_not_cascaded_when_item_renamed" time="0.610" /><testcase classname="backend.tests.test_gst_item_master_sync.TestPlanPutPreservesItemId" name="test_put_preserves_item_id" time="0.523" /><testcase classname="backend.tests.test_excel_branded_exports.TestSalesExcelBranding" name="test_sales_excel_branded" time="0.447" /><testcase classname="backend.tests.test_excel_branded_exports.TestSalesSummaryExcelBranding" name="test_sales_summary_daily" time="0.128" /><testcase classname="backend.tests.test_excel_branded_exports.TestCustomerRefillExcelBranding" name="test_customer_refill_branded" time="0.135" /><testcase classname="backend.tests.test_excel_branded_exports.TestCustomersExcelBranding" name="test_customers_excel_branded" time="0.122" /><testcase classname="backend.tests.test_excel_branded_exports.TestExportExcelDailyBranding" name="test_daily_inventory_report" time="0.125" /><testcase classname="backend.tests.test_excel_branded_exports.TestExportExcelPlantBranding" name="test_plant_main_and_breakdown_sheets_branded" time="0.121" /><testcase classname="backend.tests.test_excel_branded_exports.TestGstItemsRouteRegression" name="test_list_items_200" time="0.103" /><testcase classname="backend.tests.test_excel_branded_exports.TestGstItemsRouteRegression" name="test_template_excel_200" time="0.108" /><testcase classname="backend.tests.test_excel_branded_exports.TestGstItemsRouteRegression" name="test_history_list_200" time="0.097" /><testcase classname="backend.tests.test_excel_branded_exports.TestGstItemsRouteRegression" name="test_history_excel_200" time="0.130" /><testcase classname="backend.tests.test_excel_branded_exports.TestGstItemsRouteRegression" name="test_create_update_deactivate_activate_flow" time="0.395" /><testcase classname="backend.tests.test_excel_branded_exports.TestGstItemsRouteRegression" name="test_bulk_update_json" time="0.107" /><testcase classname="backend.tests.test_excel_branded_exports.TestGstBillingRegression" name="test_plans_list" time="0.098" /><testcase classname="backend.tests.test_excel_branded_exports.TestGstBillingRegression" name="test_invoices_paginated" time="0.098" /><testcase classname="backend.tests.test_excel_branded_exports.TestGstBillingRegression" name="test_reports_list" time="0.102" /><testcase classname="backend.tests.test_discrepancy_invoices" name="test_create_invoice_with_mismatch_no_reason_rejected" time="0.420" /><testcase classname="backend.tests.test_discrepancy_invoices" name="test_create_invoice_with_mismatch_and_reason_saves" time="0.204" /><testcase classname="backend.tests.test_discrepancy_invoices" name="test_list_discrepancies_includes_new_invoice" time="0.301" /><testcase classname="backend.tests.test_discrepancy_invoices" name="test_review_approve" time="0.302" /><testcase classname="backend.tests.test_discrepancy_invoices" name="test_review_reject" time="0.318" /><testcase classname="backend.tests.test_discrepancy_invoices" name="test_correct_endpoint_clears_discrepancy_when_matched" time="0.307" /><testcase classname="backend.tests.test_discrepancy_invoices" name="test_discrepancy_report" time="0.313" /><testcase classname="backend.tests.test_discrepancy_invoices" name="test_tolerance_within_1_rupee_no_flag" time="0.300" /><testcase classname="backend.tests.test_discrepancy_extras" name="test_put_invoice_mismatch_requires_reason" time="0.825" /><testcase classname="backend.tests.test_discrepancy_extras" name="test_put_invoice_back_to_match_clears_discrepancy" time="0.410" /><testcase classname="backend.tests.test_discrepancy_extras" name="test_list_discrepancies_status_filter" time="0.296" /><testcase classname="backend.tests.test_discrepancy_extras" name="test_sales_entries_discrepancy_guard_optional" time="0.297" /><testcase classname="backend.tests.test_invoice_memo_payment_ledger.TestCreateInvoicePayment" name="test_paid_status" time="0.518" /><testcase classname="backend.tests.test_invoice_memo_payment_ledger.TestCreateInvoicePayment" name="test_partial_status" time="0.102" /><testcase classname="backend.tests.test_invoice_memo_payment_ledger.TestCreateInvoicePayment" name="test_pending_status" time="0.104" /><testcase classname="backend.tests.test_invoice_memo_payment_ledger.TestCreateInvoicePayment" name="test_memo_falls_back_to_invoice_number" time="0.103" /><testcase classname="backend.tests.test_invoice_memo_payment_ledger.TestCreateInvoicePayment" name="test_tolerance_one_rupee_paid" time="0.117" /><testcase classname="backend.tests.test_invoice_memo_payment_ledger.TestListInvoiceFields" name="test_list_includes_new_fields_and_sorted_latest_first" time="0.110" /><testcase classname="backend.tests.test_invoice_memo_payment_ledger.TestUpdateInvoicePayment" name="test_edit_payment_recomputes_status" time="0.307" /><testcase classname="backend.tests.test_invoice_memo_payment_ledger.TestBackfillIdempotent" name="test_idempotent_second_call" time="0.217" /><testcase classname="backend.tests.test_invoice_memo_payment_ledger.TestPartyLedgerCustomers" name="test_distinct_customers_sorted" time="0.095" /><testcase classname="backend.tests.test_invoice_memo_payment_ledger.TestPartyLedger" name="test_ledger_by_phone" time="0.421" /><testcase classname="backend.tests.test_invoice_memo_payment_ledger.TestPartyLedger" name="test_ledger_by_name_prefix" time="0.410" /><testcase classname="backend.tests.test_invoice_memo_payment_ledger.TestPartyLedger" name="test_ledger_missing_filter_400" time="0.096" /><testcase classname="backend.tests.test_invoice_memo_payment_ledger.TestPartyLedger" name="test_ledger_period_filters" time="0.711" /><testcase classname="backend.tests.test_invoice_memo_payment_ledger.TestPartyLedger" name="test_ledger_custom_date_range" time="0.399" /><testcase classname="backend.tests.test_invoice_memo_payment_ledger.TestExcelExportNewColumns" name="test_excel_has_six_new_tail_columns" time="0.364" /><testcase classname="backend.tests.test_invoice_memo_payment_ledger.TestPdfEndpoint" name="test_pdf_returns_bytes" time="0.308" /></testsuite></testsuites>