<?xml version="1.0" encoding="utf-8"?><testsuites name="pytest tests"><testsuite name="pytest" errors="0" failures="1" skipped="1" tests="72" time="101.370" timestamp="2026-06-30T08:43:03.967815+00:00" hostname="agent-env-2b0c22bf-0201-4eb8-983d-1c21efeb7101"><testcase classname="backend.tests.test_gst_billing.TestAccessControl" name="test_admin_access" time="0.528" /><testcase classname="backend.tests.test_gst_billing.TestAccessControl" name="test_non_admin_blocked" time="0.827" /><testcase classname="backend.tests.test_gst_billing.TestConfig" name="test_default_config" time="0.141" /><testcase classname="backend.tests.test_gst_billing.TestConfig" name="test_update_config" time="0.246" /><testcase classname="backend.tests.test_gst_billing.TestConfig" name="test_invalid_tax_mode" time="0.120" /><testcase classname="backend.tests.test_gst_billing.TestItems" name="test_items_seeded" time="0.123" /><testcase classname="backend.tests.test_gst_billing.TestItems" name="test_item_crud" time="0.331" /><testcase classname="backend.tests.test_gst_billing.TestInvoiceCRUD" name="test_create_invoice_totals" time="0.118" /><testcase classname="backend.tests.test_gst_billing.TestInvoiceCRUD" name="test_inter_state_only_igst" time="0.254" /><testcase classname="backend.tests.test_gst_billing.TestInvoiceCRUD" name="test_update_invoice" time="0.285" /><testcase classname="backend.tests.test_gst_billing.TestInvoiceCRUD" name="test_cancel_then_no_edit" time="0.662" /><testcase classname="backend.tests.test_gst_billing.TestListSummary" name="test_summary" time="0.142" /><testcase classname="backend.tests.test_gst_billing.TestListSummary" name="test_list_pagination" time="0.111" /><testcase classname="backend.tests.test_gst_billing.TestListSummary" name="test_list_filters" time="0.112" /><testcase classname="backend.tests.test_gst_billing.TestAutoGen" name="test_lpg_refill_auto_invoice" time="0.204"><skipped type="pytest.skip" message="Sale create not supported here: 400 {&quot;detail&quot;:{&quot;code&quot;:&quot;discrepancy_requires_reason&quot;,&quot;message&quot;:&quot;Amount mismatch detected vs configured rate — justification required to save.&quot;,&quot;expected_amount&quot;:2000.0,&quot;actual_amount&quot;:1100.0,&quot;discrepancy_a">/app/backend/tests/test_gst_billing.py:232: Sale create not supported here: 400 {"detail":{"code":"discrepancy_requires_reason","message":"Amount mismatch detected vs configured rate — justification required to save.","expected_amount":2000.0,"actual_amount":1100.0,"discrepancy_a</skipped></testcase><testcase classname="backend.tests.test_gst_billing.TestAutoGen" name="test_duplicate_generate_returns_400" time="0.213" /><testcase classname="backend.tests.test_gst_billing.TestAutoGen" name="test_generate_invalid_sale_type" time="0.097" /><testcase classname="backend.tests.test_gst_billing.TestExports" name="test_excel_export" time="0.240" /><testcase classname="backend.tests.test_gst_billing.TestExports" name="test_pdf_export" time="0.480" /><testcase classname="backend.tests.test_gst_item_bulk_history.TestTemplateDownload" name="test_template_returns_valid_xlsx" time="0.479" /><testcase classname="backend.tests.test_gst_item_bulk_history.TestTemplateDownload" name="test_template_requires_admin" time="0.105" /><testcase classname="backend.tests.test_gst_item_bulk_history.TestBulkUploadCsv" name="test_bulk_upload_csv_creates_item" time="0.310" /><testcase classname="backend.tests.test_gst_item_bulk_history.TestBulkUploadCsv" name="test_bulk_upload_no_file_400" time="0.113" /><testcase classname="backend.tests.test_gst_item_bulk_history.TestBulkUploadCsv" name="test_bulk_upload_requires_admin" time="0.113" /><testcase classname="backend.tests.test_gst_item_bulk_history.TestBulkUpdateJson" name="test_bulk_update_existing_item_records_history" time="0.305" /><testcase classname="backend.tests.test_gst_item_bulk_history.TestBulkUploadXlsx" name="test_bulk_upload_xlsx_creates_item" time="0.110" /><testcase classname="backend.tests.test_gst_item_bulk_history.TestHistory" name="test_history_list" time="0.108" /><testcase classname="backend.tests.test_gst_item_bulk_history.TestHistory" name="test_history_date_filter" time="0.108" /><testcase classname="backend.tests.test_gst_item_bulk_history.TestHistory" name="test_history_excel_export" time="0.136" /><testcase classname="backend.tests.test_gst_item_bulk_history.TestHistory" name="test_history_requires_admin" time="0.194" /><testcase classname="backend.tests.test_gst_item_bulk_history.TestRegression" name="test_get_items" time="0.105" /><testcase classname="backend.tests.test_gst_item_bulk_history.TestRegression" name="test_get_plans" time="0.108" /><testcase classname="backend.tests.test_gst_item_bulk_history.TestRegression" name="test_get_invoices" time="0.109" /><testcase classname="backend.tests.test_gst_item_bulk_history.TestRegression" name="test_reports_list" time="30.020"><failure message="requests.exceptions.ConnectTimeout: HTTPSConnectionPool(host='unified-checkout-8.preview.emergentagent.com', port=443): Max retries exceeded with url: /api/gst/reports/list (Caused by ConnectTimeoutError(&lt;HTTPSConnection(host='unified-checkout-8.preview.emergentagent.com', port=443) at 0xf9b4f692b750&gt;, 'Connection to unified-checkout-8.preview.emergentagent.com timed out. (connect timeout=15)'))">/root/.venv/lib/python3.11/site-packages/urllib3/connection.py:204: in _new_conn
    sock = connection.create_connection(
/root/.venv/lib/python3.11/site-packages/urllib3/util/connection.py:85: in create_connection
    raise err
/root/.venv/lib/python3.11/site-packages/urllib3/util/connection.py:73: in create_connection
    sock.connect(sa)
E   TimeoutError: timed out

The above exception was the direct cause of the following exception:
/root/.venv/lib/python3.11/site-packages/urllib3/connectionpool.py:787: in urlopen
    response = self._make_request(
/root/.venv/lib/python3.11/site-packages/urllib3/connectionpool.py:488: in _make_request
    raise new_e
/root/.venv/lib/python3.11/site-packages/urllib3/connectionpool.py:464: in _make_request
    self._validate_conn(conn)
/root/.venv/lib/python3.11/site-packages/urllib3/connectionpool.py:1093: in _validate_conn
    conn.connect()
/root/.venv/lib/python3.11/site-packages/urllib3/connection.py:759: in connect
    self.sock = sock = self._new_conn()
                       ^^^^^^^^^^^^^^^^
/root/.venv/lib/python3.11/site-packages/urllib3/connection.py:213: in _new_conn
    raise ConnectTimeoutError(
E   urllib3.exceptions.ConnectTimeoutError: (&lt;HTTPSConnection(host='unified-checkout-8.preview.emergentagent.com', port=443) at 0xf9b4f692b750&gt;, 'Connection to unified-checkout-8.preview.emergentagent.com timed out. (connect timeout=15)')

The above exception was the direct cause of the following exception:
/root/.venv/lib/python3.11/site-packages/requests/adapters.py:644: in send
    resp = conn.urlopen(
/root/.venv/lib/python3.11/site-packages/urllib3/connectionpool.py:841: in urlopen
    retries = retries.increment(
/root/.venv/lib/python3.11/site-packages/urllib3/util/retry.py:535: in increment
    raise MaxRetryError(_pool, url, reason) from reason  # type: ignore[arg-type]
    ^^^^^^^^^^^^^^^^^^^^^^^^^^^^^^^^^^^^^^^^^^^^^^^^^^^
E   urllib3.exceptions.MaxRetryError: HTTPSConnectionPool(host='unified-checkout-8.preview.emergentagent.com', port=443): Max retries exceeded with url: /api/gst/reports/list (Caused by ConnectTimeoutError(&lt;HTTPSConnection(host='unified-checkout-8.preview.emergentagent.com', port=443) at 0xf9b4f692b750&gt;, 'Connection to unified-checkout-8.preview.emergentagent.com timed out. (connect timeout=15)'))

During handling of the above exception, another exception occurred:
backend/tests/test_gst_item_bulk_history.py:222: in test_reports_list
    r1 = requests.get(f"{API}/gst/reports/list", headers=admin_headers, timeout=15)
         ^^^^^^^^^^^^^^^^^^^^^^^^^^^^^^^^^^^^^^^^^^^^^^^^^^^^^^^^^^^^^^^^^^^^^^^^^^
/root/.venv/lib/python3.11/site-packages/requests/api.py:73: in get
    return request("get", url, params=params, **kwargs)
           ^^^^^^^^^^^^^^^^^^^^^^^^^^^^^^^^^^^^^^^^^^^^
/root/.venv/lib/python3.11/site-packages/requests/api.py:59: in request
    return session.request(method=method, url=url, **kwargs)
           ^^^^^^^^^^^^^^^^^^^^^^^^^^^^^^^^^^^^^^^^^^^^^^^^^
/root/.venv/lib/python3.11/site-packages/requests/sessions.py:589: in request
    resp = self.send(prep, **send_kwargs)
           ^^^^^^^^^^^^^^^^^^^^^^^^^^^^^^
/root/.venv/lib/python3.11/site-packages/requests/sessions.py:703: in send
    r = adapter.send(request, **kwargs)
        ^^^^^^^^^^^^^^^^^^^^^^^^^^^^^^^
/root/.venv/lib/python3.11/site-packages/requests/adapters.py:665: in send
    raise ConnectTimeout(e, request=request)
E   requests.exceptions.ConnectTimeout: HTTPSConnectionPool(host='unified-checkout-8.preview.emergentagent.com', port=443): Max retries exceeded with url: /api/gst/reports/list (Caused by ConnectTimeoutError(&lt;HTTPSConnection(host='unified-checkout-8.preview.emergentagent.com', port=443) at 0xf9b4f692b750&gt;, 'Connection to unified-checkout-8.preview.emergentagent.com timed out. (connect timeout=15)'))</failure></testcase><testcase classname="backend.tests.test_gst_item_master_sync.TestBackfill" name="test_backfill_links_master_items" time="14.818" /><testcase classname="backend.tests.test_gst_item_master_sync.TestBackfill" name="test_known_items_are_linked" time="0.210" /><testcase classname="backend.tests.test_gst_item_master_sync.TestCascadeUpdate" name="test_post_plan_preserves_item_id" time="37.438" /><testcase classname="backend.tests.test_gst_item_master_sync.TestCascadeUpdate" name="test_cascade_name_hsn_unit_gst" time="0.580" /><testcase classname="backend.tests.test_gst_item_master_sync.TestCascadeUpdate" name="test_cascade_excludes_unit_price" time="0.597" /><testcase classname="backend.tests.test_gst_item_master_sync.TestActivateDeactivate" name="test_deactivate_then_list_shows_inactive" time="0.402" /><testcase classname="backend.tests.test_gst_item_master_sync.TestActivateDeactivate" name="test_activate_restores" time="0.500" /><testcase classname="backend.tests.test_gst_item_master_sync.TestActivateDeactivate" name="test_activate_404_for_unknown" time="0.098" /><testcase classname="backend.tests.test_gst_item_master_sync.TestActivateDeactivate" name="test_non_admin_403" time="0.629" /><testcase classname="backend.tests.test_gst_item_master_sync.TestHistoricalInvariant" name="test_invoice_not_cascaded_when_item_renamed" time="0.611" /><testcase classname="backend.tests.test_gst_item_master_sync.TestPlanPutPreservesItemId" name="test_put_preserves_item_id" time="0.516" /><testcase classname="backend.tests.test_excel_branded_exports.TestSalesExcelBranding" name="test_sales_excel_branded" time="0.443" /><testcase classname="backend.tests.test_excel_branded_exports.TestSalesSummaryExcelBranding" name="test_sales_summary_daily" time="0.116" /><testcase classname="backend.tests.test_excel_branded_exports.TestCustomerRefillExcelBranding" name="test_customer_refill_branded" time="0.117" /><testcase classname="backend.tests.test_excel_branded_exports.TestCustomersExcelBranding" name="test_customers_excel_branded" time="0.122" /><testcase classname="backend.tests.test_excel_branded_exports.TestExportExcelDailyBranding" name="test_daily_inventory_report" time="0.134" /><testcase classname="backend.tests.test_excel_branded_exports.TestExportExcelPlantBranding" name="test_plant_main_and_breakdown_sheets_branded" time="0.129" /><testcase classname="backend.tests.test_excel_branded_exports.TestGstItemsRouteRegression" name="test_list_items_200" time="0.109" /><testcase classname="backend.tests.test_excel_branded_exports.TestGstItemsRouteRegression" name="test_template_excel_200" time="0.107" /><testcase classname="backend.tests.test_excel_branded_exports.TestGstItemsRouteRegression" name="test_history_list_200" time="0.093" /><testcase classname="backend.tests.test_excel_branded_exports.TestGstItemsRouteRegression" name="test_history_excel_200" time="0.124" /><testcase classname="backend.tests.test_excel_branded_exports.TestGstItemsRouteRegression" name="test_create_update_deactivate_activate_flow" time="0.694" /><testcase classname="backend.tests.test_excel_branded_exports.TestGstItemsRouteRegression" name="test_bulk_update_json" time="0.102" /><testcase classname="backend.tests.test_excel_branded_exports.TestGstBillingRegression" name="test_plans_list" time="0.106" /><testcase classname="backend.tests.test_excel_branded_exports.TestGstBillingRegression" name="test_invoices_paginated" time="0.110" /><testcase classname="backend.tests.test_excel_branded_exports.TestGstBillingRegression" name="test_reports_list" time="0.100" /><testcase classname="backend.tests.test_discrepancy_invoices" name="test_create_invoice_with_mismatch_no_reason_rejected" time="0.410" /><testcase classname="backend.tests.test_discrepancy_invoices" name="test_create_invoice_with_mismatch_and_reason_saves" time="0.205" /><testcase classname="backend.tests.test_discrepancy_invoices" name="test_list_discrepancies_includes_new_invoice" time="0.299" /><testcase classname="backend.tests.test_discrepancy_invoices" name="test_review_approve" time="0.299" /><testcase classname="backend.tests.test_discrepancy_invoices" name="test_review_reject" time="0.318" /><testcase classname="backend.tests.test_discrepancy_invoices" name="test_correct_endpoint_clears_discrepancy_when_matched" time="0.316" /><testcase classname="backend.tests.test_discrepancy_invoices" name="test_discrepancy_report" time="0.301" /><testcase classname="backend.tests.test_discrepancy_invoices" name="test_tolerance_within_1_rupee_no_flag" time="0.307" /><testcase classname="backend.tests.test_discrepancy_extras" name="test_put_invoice_mismatch_requires_reason" time="0.838" /><testcase classname="backend.tests.test_discrepancy_extras" name="test_put_invoice_back_to_match_clears_discrepancy" time="0.449" /><testcase classname="backend.tests.test_discrepancy_extras" name="test_list_discrepancies_status_filter" time="0.294" /><testcase classname="backend.tests.test_discrepancy_extras" name="test_sales_entries_discrepancy_guard_optional" time="0.348" /></testsuite></testsuites>