<?xml version="1.0" encoding="utf-8"?><testsuites name="pytest tests"><testsuite name="pytest" errors="0" failures="0" skipped="0" tests="16" time="4.625" timestamp="2026-06-30T08:47:31.467914+00:00" hostname="agent-env-2b0c22bf-0201-4eb8-983d-1c21efeb7101"><testcase classname="backend.tests.test_invoice_memo_payment_ledger.TestCreateInvoicePayment" name="test_paid_status" time="0.546" /><testcase classname="backend.tests.test_invoice_memo_payment_ledger.TestCreateInvoicePayment" name="test_partial_status" time="0.098" /><testcase classname="backend.tests.test_invoice_memo_payment_ledger.TestCreateInvoicePayment" name="test_pending_status" time="0.105" /><testcase classname="backend.tests.test_invoice_memo_payment_ledger.TestCreateInvoicePayment" name="test_memo_falls_back_to_invoice_number" time="0.105" /><testcase classname="backend.tests.test_invoice_memo_payment_ledger.TestCreateInvoicePayment" name="test_tolerance_one_rupee_paid" time="0.112" /><testcase classname="backend.tests.test_invoice_memo_payment_ledger.TestListInvoiceFields" name="test_list_includes_new_fields_and_sorted_latest_first" time="0.121" /><testcase classname="backend.tests.test_invoice_memo_payment_ledger.TestUpdateInvoicePayment" name="test_edit_payment_recomputes_status" time="0.301" /><testcase classname="backend.tests.test_invoice_memo_payment_ledger.TestBackfillIdempotent" name="test_idempotent_second_call" time="0.204" /><testcase classname="backend.tests.test_invoice_memo_payment_ledger.TestPartyLedgerCustomers" name="test_distinct_customers_sorted" time="0.093" /><testcase classname="backend.tests.test_invoice_memo_payment_ledger.TestPartyLedger" name="test_ledger_by_phone" time="0.419" /><testcase classname="backend.tests.test_invoice_memo_payment_ledger.TestPartyLedger" name="test_ledger_by_name_prefix" time="0.415" /><testcase classname="backend.tests.test_invoice_memo_payment_ledger.TestPartyLedger" name="test_ledger_missing_filter_400" time="0.093" /><testcase classname="backend.tests.test_invoice_memo_payment_ledger.TestPartyLedger" name="test_ledger_period_filters" time="0.703" /><testcase classname="backend.tests.test_invoice_memo_payment_ledger.TestPartyLedger" name="test_ledger_custom_date_range" time="0.425" /><testcase classname="backend.tests.test_invoice_memo_payment_ledger.TestExcelExportNewColumns" name="test_excel_has_six_new_tail_columns" time="0.433" /><testcase classname="backend.tests.test_invoice_memo_payment_ledger.TestPdfEndpoint" name="test_pdf_returns_bytes" time="0.367" /></testsuite></testsuites>