<?xml version="1.0" encoding="utf-8"?><testsuites name="pytest tests"><testsuite name="pytest" errors="0" failures="0" skipped="0" tests="20" time="3.917" timestamp="2026-07-01T08:05:06.320557+00:00" hostname="agent-env-2b0c22bf-0201-4eb8-983d-1c21efeb7101"><testcase classname="backend.tests.test_invoice_advanced_filters.TestFYFilter" name="test_fy_202627_returns_subset" time="0.866" /><testcase classname="backend.tests.test_invoice_advanced_filters.TestFYFilter" name="test_fy_all_invoices_sorted_desc" time="0.114" /><testcase classname="backend.tests.test_invoice_advanced_filters.TestFYFilter" name="test_fy_invalid_gracefully_ignored" time="0.114" /><testcase classname="backend.tests.test_invoice_advanced_filters.TestFYFilter" name="test_summary_with_fy" time="0.094" /><testcase classname="backend.tests.test_invoice_advanced_filters.TestFYFilter" name="test_export_excel_with_fy" time="0.243" /><testcase classname="backend.tests.test_invoice_advanced_filters.TestMonthFilter" name="test_month_and_year" time="0.131" /><testcase classname="backend.tests.test_invoice_advanced_filters.TestMonthFilter" name="test_month_summary" time="0.095" /><testcase classname="backend.tests.test_invoice_advanced_filters.TestPaymentStatus" name="test_payment_status_subset[Paid]" time="0.103" /><testcase classname="backend.tests.test_invoice_advanced_filters.TestPaymentStatus" name="test_payment_status_subset[Partial]" time="0.126" /><testcase classname="backend.tests.test_invoice_advanced_filters.TestPaymentStatus" name="test_payment_status_subset[Pending]" time="0.134" /><testcase classname="backend.tests.test_invoice_advanced_filters.TestPaymentStatus" name="test_payment_status_summary" time="0.102" /><testcase classname="backend.tests.test_invoice_advanced_filters.TestSearchMemoNo" name="test_search_by_invoice_number" time="0.248" /><testcase classname="backend.tests.test_invoice_advanced_filters.TestCombinedFilters" name="test_warehouse_plus_fy_plus_paid_plus_status" time="0.097" /><testcase classname="backend.tests.test_invoice_advanced_filters.TestCombinedFilters" name="test_summary_combined" time="0.147" /><testcase classname="backend.tests.test_invoice_advanced_filters.TestCombinedFilters" name="test_export_excel_combined" time="0.147" /><testcase classname="backend.tests.test_invoice_advanced_filters.TestPagination" name="test_pagination_preserves_filters" time="0.189" /><testcase classname="backend.tests.test_invoice_advanced_filters.TestFakeWarehouse" name="test_fake_wh_returns_zero" time="0.147" /><testcase classname="backend.tests.test_invoice_advanced_filters.TestFakeWarehouse" name="test_fake_wh_summary_zero" time="0.095" /><testcase classname="backend.tests.test_invoice_advanced_filters.TestNonAdminLock" name="test_employee_gets_403_or_401_on_gst_invoices" time="0.410" /><testcase classname="backend.tests.test_invoice_advanced_filters.TestExportMediaType" name="test_export_returns_xlsx" time="0.235" /></testsuite></testsuites>