<?xml version="1.0" encoding="utf-8"?><testsuites name="pytest tests"><testsuite name="pytest" errors="0" failures="0" skipped="1" tests="47" time="13.593" timestamp="2026-06-30T09:03:51.826198+00:00" hostname="agent-env-2b0c22bf-0201-4eb8-983d-1c21efeb7101"><testcase classname="backend.tests.test_invoice_memo_payment_ledger.TestCreateInvoicePayment" name="test_paid_status" time="0.578" /><testcase classname="backend.tests.test_invoice_memo_payment_ledger.TestCreateInvoicePayment" name="test_partial_status" time="0.145" /><testcase classname="backend.tests.test_invoice_memo_payment_ledger.TestCreateInvoicePayment" name="test_pending_status" time="0.103" /><testcase classname="backend.tests.test_invoice_memo_payment_ledger.TestCreateInvoicePayment" name="test_memo_falls_back_to_invoice_number" time="0.095" /><testcase classname="backend.tests.test_invoice_memo_payment_ledger.TestCreateInvoicePayment" name="test_tolerance_one_rupee_paid" time="0.113" /><testcase classname="backend.tests.test_invoice_memo_payment_ledger.TestListInvoiceFields" name="test_list_includes_new_fields_and_sorted_latest_first" time="0.111" /><testcase classname="backend.tests.test_invoice_memo_payment_ledger.TestUpdateInvoicePayment" name="test_edit_payment_recomputes_status" time="0.302" /><testcase classname="backend.tests.test_invoice_memo_payment_ledger.TestBackfillIdempotent" name="test_idempotent_second_call" time="0.186" /><testcase classname="backend.tests.test_invoice_memo_payment_ledger.TestPartyLedgerCustomers" name="test_distinct_customers_sorted" time="0.108" /><testcase classname="backend.tests.test_invoice_memo_payment_ledger.TestPartyLedger" name="test_ledger_by_phone" time="0.431" /><testcase classname="backend.tests.test_invoice_memo_payment_ledger.TestPartyLedger" name="test_ledger_by_name_prefix" time="0.431" /><testcase classname="backend.tests.test_invoice_memo_payment_ledger.TestPartyLedger" name="test_ledger_missing_filter_400" time="0.093" /><testcase classname="backend.tests.test_invoice_memo_payment_ledger.TestPartyLedger" name="test_ledger_period_filters" time="0.705" /><testcase classname="backend.tests.test_invoice_memo_payment_ledger.TestPartyLedger" name="test_ledger_custom_date_range" time="0.407" /><testcase classname="backend.tests.test_invoice_memo_payment_ledger.TestExcelExportNewColumns" name="test_excel_has_six_new_tail_columns" time="0.400" /><testcase classname="backend.tests.test_invoice_memo_payment_ledger.TestPdfEndpoint" name="test_pdf_returns_bytes" time="0.364" /><testcase classname="backend.tests.test_discrepancy_invoices" name="test_create_invoice_with_mismatch_no_reason_rejected" time="0.425" /><testcase classname="backend.tests.test_discrepancy_invoices" name="test_create_invoice_with_mismatch_and_reason_saves" time="0.218" /><testcase classname="backend.tests.test_discrepancy_invoices" name="test_list_discrepancies_includes_new_invoice" time="0.308" /><testcase classname="backend.tests.test_discrepancy_invoices" name="test_review_approve" time="0.316" /><testcase classname="backend.tests.test_discrepancy_invoices" name="test_review_reject" time="0.320" /><testcase classname="backend.tests.test_discrepancy_invoices" name="test_correct_endpoint_clears_discrepancy_when_matched" time="0.312" /><testcase classname="backend.tests.test_discrepancy_invoices" name="test_discrepancy_report" time="0.316" /><testcase classname="backend.tests.test_discrepancy_invoices" name="test_tolerance_within_1_rupee_no_flag" time="0.304" /><testcase classname="backend.tests.test_discrepancy_extras" name="test_put_invoice_mismatch_requires_reason" time="0.844" /><testcase classname="backend.tests.test_discrepancy_extras" name="test_put_invoice_back_to_match_clears_discrepancy" time="0.407" /><testcase classname="backend.tests.test_discrepancy_extras" name="test_list_discrepancies_status_filter" time="0.356" /><testcase classname="backend.tests.test_discrepancy_extras" name="test_sales_entries_discrepancy_guard_optional" time="0.309" /><testcase classname="backend.tests.test_gst_billing.TestAccessControl" name="test_admin_access" time="0.428" /><testcase classname="backend.tests.test_gst_billing.TestAccessControl" name="test_non_admin_blocked" time="0.739" /><testcase classname="backend.tests.test_gst_billing.TestConfig" name="test_default_config" time="0.104" /><testcase classname="backend.tests.test_gst_billing.TestConfig" name="test_update_config" time="0.198" /><testcase classname="backend.tests.test_gst_billing.TestConfig" name="test_invalid_tax_mode" time="0.099" /><testcase classname="backend.tests.test_gst_billing.TestItems" name="test_items_seeded" time="0.099" /><testcase classname="backend.tests.test_gst_billing.TestItems" name="test_item_crud" time="0.304" /><testcase classname="backend.tests.test_gst_billing.TestInvoiceCRUD" name="test_create_invoice_totals" time="0.105" /><testcase classname="backend.tests.test_gst_billing.TestInvoiceCRUD" name="test_inter_state_only_igst" time="0.200" /><testcase classname="backend.tests.test_gst_billing.TestInvoiceCRUD" name="test_update_invoice" time="0.215" /><testcase classname="backend.tests.test_gst_billing.TestInvoiceCRUD" name="test_cancel_then_no_edit" time="0.613" /><testcase classname="backend.tests.test_gst_billing.TestListSummary" name="test_summary" time="0.097" /><testcase classname="backend.tests.test_gst_billing.TestListSummary" name="test_list_pagination" time="0.105" /><testcase classname="backend.tests.test_gst_billing.TestListSummary" name="test_list_filters" time="0.105" /><testcase classname="backend.tests.test_gst_billing.TestAutoGen" name="test_lpg_refill_auto_invoice" time="0.222"><skipped type="pytest.skip" message="Sale create not supported here: 400 {&quot;detail&quot;:{&quot;code&quot;:&quot;discrepancy_requires_reason&quot;,&quot;message&quot;:&quot;Amount mismatch detected vs configured rate — justification required to save.&quot;,&quot;expected_amount&quot;:2000.0,&quot;actual_amount&quot;:1100.0,&quot;discrepancy_a">/app/backend/tests/test_gst_billing.py:232: Sale create not supported here: 400 {"detail":{"code":"discrepancy_requires_reason","message":"Amount mismatch detected vs configured rate — justification required to save.","expected_amount":2000.0,"actual_amount":1100.0,"discrepancy_a</skipped></testcase><testcase classname="backend.tests.test_gst_billing.TestAutoGen" name="test_duplicate_generate_returns_400" time="0.212" /><testcase classname="backend.tests.test_gst_billing.TestAutoGen" name="test_generate_invalid_sale_type" time="0.100" /><testcase classname="backend.tests.test_gst_billing.TestExports" name="test_excel_export" time="0.245" /><testcase classname="backend.tests.test_gst_billing.TestExports" name="test_pdf_export" time="0.304" /></testsuite></testsuites>