<?xml version="1.0" encoding="utf-8"?><testsuites name="pytest tests"><testsuite name="pytest" errors="0" failures="0" skipped="0" tests="31" time="3.797" timestamp="2026-04-04T06:57:06.698344+00:00" hostname="agent-env-2b0c22bf-0201-4eb8-983d-1c21efeb7101"><testcase classname="backend.tests.test_hrms_phase2_perf_hiring.TestKPIs" name="test_get_kpis" time="0.450" /><testcase classname="backend.tests.test_hrms_phase2_perf_hiring.TestKPIs" name="test_create_kpi" time="0.047" /><testcase classname="backend.tests.test_hrms_phase2_perf_hiring.TestKPIs" name="test_create_kpi_missing_name" time="0.046" /><testcase classname="backend.tests.test_hrms_phase2_perf_hiring.TestKPIs" name="test_delete_kpi" time="0.133" /><testcase classname="backend.tests.test_hrms_phase2_perf_hiring.TestKPIs" name="test_delete_kpi_not_found" time="0.056" /><testcase classname="backend.tests.test_hrms_phase2_perf_hiring.TestAppraisalCycles" name="test_get_appraisal_cycles" time="0.047" /><testcase classname="backend.tests.test_hrms_phase2_perf_hiring.TestAppraisalCycles" name="test_create_appraisal_cycle" time="0.044" /><testcase classname="backend.tests.test_hrms_phase2_perf_hiring.TestAppraisalCycles" name="test_create_cycle_missing_fields" time="0.045" /><testcase classname="backend.tests.test_hrms_phase2_perf_hiring.TestAppraisalCycles" name="test_delete_cycle_no_reviews" time="0.111" /><testcase classname="backend.tests.test_hrms_phase2_perf_hiring.TestPerformanceReviews" name="test_get_reviews" time="0.044" /><testcase classname="backend.tests.test_hrms_phase2_perf_hiring.TestPerformanceReviews" name="test_create_review_with_weighted_rating" time="0.198" /><testcase classname="backend.tests.test_hrms_phase2_perf_hiring.TestPerformanceReviews" name="test_update_review_recalculates_rating" time="0.161" /><testcase classname="backend.tests.test_hrms_phase2_perf_hiring.TestPerformanceReviews" name="test_delete_review" time="0.233" /><testcase classname="backend.tests.test_hrms_phase2_perf_hiring.TestPerformanceStats" name="test_get_performance_stats" time="0.046" /><testcase classname="backend.tests.test_hrms_phase2_perf_hiring.TestPerformanceStats" name="test_get_performance_stats_with_cycle_filter" time="0.101" /><testcase classname="backend.tests.test_hrms_phase2_perf_hiring.TestJobOpenings" name="test_get_jobs" time="0.043" /><testcase classname="backend.tests.test_hrms_phase2_perf_hiring.TestJobOpenings" name="test_create_job" time="0.086" /><testcase classname="backend.tests.test_hrms_phase2_perf_hiring.TestJobOpenings" name="test_create_job_missing_fields" time="0.042" /><testcase classname="backend.tests.test_hrms_phase2_perf_hiring.TestJobOpenings" name="test_update_job_close_reopen" time="0.223" /><testcase classname="backend.tests.test_hrms_phase2_perf_hiring.TestJobOpenings" name="test_delete_job_no_candidates" time="0.095" /><testcase classname="backend.tests.test_hrms_phase2_perf_hiring.TestJobOpenings" name="test_delete_job_with_candidates_blocked" time="0.232" /><testcase classname="backend.tests.test_hrms_phase2_perf_hiring.TestCandidates" name="test_get_candidates" time="0.044" /><testcase classname="backend.tests.test_hrms_phase2_perf_hiring.TestCandidates" name="test_create_candidate_with_stage_history" time="0.091" /><testcase classname="backend.tests.test_hrms_phase2_perf_hiring.TestCandidates" name="test_get_candidates_with_filters" time="0.214" /><testcase classname="backend.tests.test_hrms_phase2_perf_hiring.TestCandidates" name="test_update_candidate_stage_with_history" time="0.354" /><testcase classname="backend.tests.test_hrms_phase2_perf_hiring.TestCandidates" name="test_delete_candidate" time="0.178" /><testcase classname="backend.tests.test_hrms_phase2_perf_hiring.TestHiringStats" name="test_get_hiring_stats" time="0.050" /><testcase classname="backend.tests.test_hrms_phase2_perf_hiring.TestInventoryDashboardUnaffected" name="test_inventory_dashboard_stats" time="0.045" /><testcase classname="backend.tests.test_hrms_phase2_perf_hiring.TestCleanup" name="test_cleanup_test_kpis" time="0.087" /><testcase classname="backend.tests.test_hrms_phase2_perf_hiring.TestCleanup" name="test_cleanup_test_cycles" time="0.045" /><testcase classname="backend.tests.test_hrms_phase2_perf_hiring.TestCleanup" name="test_cleanup_test_jobs" time="0.093" /></testsuite></testsuites>