<?xml version="1.0" encoding="utf-8"?><testsuites name="pytest tests"><testsuite name="pytest" errors="0" failures="0" skipped="0" tests="10" time="1.640" timestamp="2026-03-25T06:51:04.178328+00:00" hostname="agent-env-2b0c22bf-0201-4eb8-983d-1c21efeb7101"><testcase classname="tests.test_accessory_sales_summary.TestAccessorySalesSummaryAPI" name="test_summary_no_warehouse_filter" time="0.582" /><testcase classname="tests.test_accessory_sales_summary.TestAccessorySalesSummaryAPI" name="test_summary_jullang_warehouse_filter" time="0.111" /><testcase classname="tests.test_accessory_sales_summary.TestAccessorySalesSummaryAPI" name="test_summary_naharlagun_warehouse_no_sales" time="0.097" /><testcase classname="tests.test_accessory_sales_summary.TestAccessorySalesSummaryAPI" name="test_payment_breakdown_sum_equals_total" time="0.095" /><testcase classname="tests.test_accessory_sales_summary.TestAccessorySalesSummaryAPI" name="test_payment_breakdown_sum_jullang" time="0.122" /><testcase classname="tests.test_accessory_sales_summary.TestAccessorySalesSummaryAPI" name="test_payment_breakdown_sum_naharlagun" time="0.098" /><testcase classname="tests.test_accessory_sales_summary.TestAccessorySalesSummaryAPI" name="test_date_filter_with_warehouse" time="0.142" /><testcase classname="tests.test_accessory_sales_summary.TestAccessorySalesEndpoint" name="test_accessory_sales_list_no_filter" time="0.101" /><testcase classname="tests.test_accessory_sales_summary.TestAccessorySalesEndpoint" name="test_accessory_sales_list_jullang_filter" time="0.132" /><testcase classname="tests.test_accessory_sales_summary.TestAccessorySalesEndpoint" name="test_accessory_sales_list_naharlagun_filter" time="0.097" /></testsuite></testsuites>