<?xml version="1.0" encoding="utf-8"?><testsuites name="pytest tests"><testsuite name="pytest" errors="0" failures="0" skipped="0" tests="16" time="14.110" timestamp="2026-03-17T16:42:43.247490+00:00" hostname="agent-env-389c4791-c788-4500-b6d6-643e52a6ef57"><testcase classname="backend.tests.test_connection_refill_analytics.TestConnectionRefillAnalytics" name="test_analytics_yearly_period" time="1.022" /><testcase classname="backend.tests.test_connection_refill_analytics.TestConnectionRefillAnalytics" name="test_analytics_monthly_period" time="0.837" /><testcase classname="backend.tests.test_connection_refill_analytics.TestConnectionRefillAnalytics" name="test_analytics_daily_period" time="0.815" /><testcase classname="backend.tests.test_connection_refill_analytics.TestConnectionRefillAnalytics" name="test_analytics_quarterly_period" time="0.848" /><testcase classname="backend.tests.test_connection_refill_analytics.TestConnectionRefillAnalytics" name="test_analytics_custom_period" time="0.865" /><testcase classname="backend.tests.test_connection_refill_analytics.TestConnectionRefillAnalytics" name="test_analytics_warehouse_filter" time="1.070" /><testcase classname="backend.tests.test_connection_refill_analytics.TestConnectionRefillAnalytics" name="test_non_admin_auto_filters_to_warehouse" time="0.827" /><testcase classname="backend.tests.test_connection_refill_analytics.TestConnectionRefillAnalytics" name="test_export_pdf" time="0.870" /><testcase classname="backend.tests.test_connection_refill_analytics.TestConnectionRefillAnalytics" name="test_export_excel" time="0.863" /><testcase classname="backend.tests.test_connection_refill_analytics.TestConnectionRefillAnalytics" name="test_export_pdf_with_filters" time="0.863" /><testcase classname="backend.tests.test_connection_refill_analytics.TestConnectionRefillAnalytics" name="test_export_excel_with_filters" time="0.856" /><testcase classname="backend.tests.test_connection_refill_analytics.TestConnectionRefillAnalytics" name="test_warehouse_breakdown_data_integrity" time="0.878" /><testcase classname="backend.tests.test_connection_refill_analytics.TestConnectionRefillAnalytics" name="test_date_breakdown_data_integrity" time="0.818" /><testcase classname="backend.tests.test_connection_refill_analytics.TestConnectionRefillAnalytics" name="test_analytics_requires_authentication" time="0.852" /><testcase classname="backend.tests.test_connection_refill_analytics.TestConnectionRefillAnalytics" name="test_export_pdf_requires_authentication" time="0.891" /><testcase classname="backend.tests.test_connection_refill_analytics.TestConnectionRefillAnalytics" name="test_export_excel_requires_authentication" time="0.855" /></testsuite></testsuites>