<?xml version="1.0" encoding="utf-8"?><testsuites name="pytest tests"><testsuite name="pytest" errors="0" failures="0" skipped="0" tests="15" time="3.053" timestamp="2026-06-30T05:50:28.981184+00:00" hostname="agent-env-2b0c22bf-0201-4eb8-983d-1c21efeb7101"><testcase classname="backend.tests.test_gst_item_bulk_history.TestTemplateDownload" name="test_template_returns_valid_xlsx" time="0.637" /><testcase classname="backend.tests.test_gst_item_bulk_history.TestTemplateDownload" name="test_template_requires_admin" time="0.111" /><testcase classname="backend.tests.test_gst_item_bulk_history.TestBulkUploadCsv" name="test_bulk_upload_csv_creates_item" time="0.346" /><testcase classname="backend.tests.test_gst_item_bulk_history.TestBulkUploadCsv" name="test_bulk_upload_no_file_400" time="0.099" /><testcase classname="backend.tests.test_gst_item_bulk_history.TestBulkUploadCsv" name="test_bulk_upload_requires_admin" time="0.099" /><testcase classname="backend.tests.test_gst_item_bulk_history.TestBulkUpdateJson" name="test_bulk_update_existing_item_records_history" time="0.304" /><testcase classname="backend.tests.test_gst_item_bulk_history.TestBulkUploadXlsx" name="test_bulk_upload_xlsx_creates_item" time="0.109" /><testcase classname="backend.tests.test_gst_item_bulk_history.TestHistory" name="test_history_list" time="0.100" /><testcase classname="backend.tests.test_gst_item_bulk_history.TestHistory" name="test_history_date_filter" time="0.156" /><testcase classname="backend.tests.test_gst_item_bulk_history.TestHistory" name="test_history_excel_export" time="0.126" /><testcase classname="backend.tests.test_gst_item_bulk_history.TestHistory" name="test_history_requires_admin" time="0.270" /><testcase classname="backend.tests.test_gst_item_bulk_history.TestRegression" name="test_get_items" time="0.104" /><testcase classname="backend.tests.test_gst_item_bulk_history.TestRegression" name="test_get_plans" time="0.099" /><testcase classname="backend.tests.test_gst_item_bulk_history.TestRegression" name="test_get_invoices" time="0.103" /><testcase classname="backend.tests.test_gst_item_bulk_history.TestRegression" name="test_reports_list" time="0.197" /></testsuite></testsuites>