<?xml version="1.0" encoding="utf-8"?><testsuites name="pytest tests"><testsuite name="pytest" errors="0" failures="0" skipped="0" tests="10" time="8.034" timestamp="2026-03-17T16:27:27.400321+00:00" hostname="agent-env-389c4791-c788-4500-b6d6-643e52a6ef57"><testcase classname="backend.tests.test_cancel_order.TestCancelOrder" name="test_patch_order_status_cancelled_with_reason" time="0.654" /><testcase classname="backend.tests.test_cancel_order.TestCancelOrder" name="test_patch_order_status_cancelled_without_reason" time="0.576" /><testcase classname="backend.tests.test_cancel_order.TestCancelOrder" name="test_admin_revert_cancelled_to_pending" time="0.955" /><testcase classname="backend.tests.test_cancel_order.TestCancelOrder" name="test_nonadmin_cannot_modify_cancelled_order_status" time="0.994" /><testcase classname="backend.tests.test_cancel_order.TestCancelOrder" name="test_put_order_on_cancelled_returns_400" time="0.581" /><testcase classname="backend.tests.test_cancel_order.TestCancelOrder" name="test_summary_stats_includes_total_cancelled" time="0.439" /><testcase classname="backend.tests.test_cancel_order.TestCancelOrder" name="test_get_orders_returns_cancelled_fields" time="0.554" /><testcase classname="backend.tests.test_cancel_order.TestCancelOrder" name="test_get_orders_filter_by_cancelled_status" time="1.696" /><testcase classname="backend.tests.test_cancel_order.TestCancelOrder" name="test_invalid_status_returns_400" time="0.589" /><testcase classname="backend.tests.test_cancel_order.TestCancelOrder" name="test_delivered_order_can_be_cancelled_by_admin" time="0.890" /></testsuite></testsuites>