<?xml version="1.0" encoding="utf-8"?><testsuites name="pytest tests"><testsuite name="pytest" errors="0" failures="0" skipped="0" tests="38" time="5.505" timestamp="2026-06-29T11:34:51.868100+00:00" hostname="agent-env-2b0c22bf-0201-4eb8-983d-1c21efeb7101"><testcase classname="backend.tests.test_gst_reports_phase_b.TestReportList" name="test_list_returns_10_reports" time="0.573" /><testcase classname="backend.tests.test_gst_reports_phase_b.TestReportData" name="test_daily_sales" time="0.118" /><testcase classname="backend.tests.test_gst_reports_phase_b.TestReportData" name="test_monthly_sales" time="0.102" /><testcase classname="backend.tests.test_gst_reports_phase_b.TestReportData" name="test_gst_report" time="0.133" /><testcase classname="backend.tests.test_gst_reports_phase_b.TestReportData" name="test_hsn_summary" time="0.101" /><testcase classname="backend.tests.test_gst_reports_phase_b.TestReportData" name="test_item_wise" time="0.120" /><testcase classname="backend.tests.test_gst_reports_phase_b.TestReportData" name="test_customer_wise" time="0.093" /><testcase classname="backend.tests.test_gst_reports_phase_b.TestReportData" name="test_warehouse_wise_excludes_plant" time="0.129" /><testcase classname="backend.tests.test_gst_reports_phase_b.TestReportData" name="test_cancelled" time="0.104" /><testcase classname="backend.tests.test_gst_reports_phase_b.TestReportData" name="test_payment_wise" time="0.101" /><testcase classname="backend.tests.test_gst_reports_phase_b.TestReportData" name="test_tax_summary" time="0.152" /><testcase classname="backend.tests.test_gst_reports_phase_b.TestReportData" name="test_invalid_report_type_returns_400" time="0.100" /><testcase classname="backend.tests.test_gst_reports_phase_b.TestReportData" name="test_date_range_filter" time="0.103" /><testcase classname="backend.tests.test_gst_reports_phase_b.TestExcelExports" name="test_excel_export[daily_sales]" time="0.119" /><testcase classname="backend.tests.test_gst_reports_phase_b.TestExcelExports" name="test_excel_export[monthly_sales]" time="0.111" /><testcase classname="backend.tests.test_gst_reports_phase_b.TestExcelExports" name="test_excel_export[gst_report]" time="0.135" /><testcase classname="backend.tests.test_gst_reports_phase_b.TestExcelExports" name="test_excel_export[hsn_summary]" time="0.125" /><testcase classname="backend.tests.test_gst_reports_phase_b.TestExcelExports" name="test_excel_export[item_wise]" time="0.110" /><testcase classname="backend.tests.test_gst_reports_phase_b.TestExcelExports" name="test_excel_export[customer_wise]" time="0.119" /><testcase classname="backend.tests.test_gst_reports_phase_b.TestExcelExports" name="test_excel_export[warehouse_wise]" time="0.105" /><testcase classname="backend.tests.test_gst_reports_phase_b.TestExcelExports" name="test_excel_export[cancelled]" time="0.106" /><testcase classname="backend.tests.test_gst_reports_phase_b.TestExcelExports" name="test_excel_export[payment_wise]" time="0.113" /><testcase classname="backend.tests.test_gst_reports_phase_b.TestExcelExports" name="test_excel_export[tax_summary]" time="0.108" /><testcase classname="backend.tests.test_gst_reports_phase_b.TestExcelExports" name="test_excel_structure_daily_sales" time="0.109" /><testcase classname="backend.tests.test_gst_reports_phase_b.TestPdfExports" name="test_pdf_export[daily_sales]" time="0.100" /><testcase classname="backend.tests.test_gst_reports_phase_b.TestPdfExports" name="test_pdf_export[monthly_sales]" time="0.122" /><testcase classname="backend.tests.test_gst_reports_phase_b.TestPdfExports" name="test_pdf_export[gst_report]" time="0.131" /><testcase classname="backend.tests.test_gst_reports_phase_b.TestPdfExports" name="test_pdf_export[hsn_summary]" time="0.117" /><testcase classname="backend.tests.test_gst_reports_phase_b.TestPdfExports" name="test_pdf_export[item_wise]" time="0.146" /><testcase classname="backend.tests.test_gst_reports_phase_b.TestPdfExports" name="test_pdf_export[customer_wise]" time="0.155" /><testcase classname="backend.tests.test_gst_reports_phase_b.TestPdfExports" name="test_pdf_export[warehouse_wise]" time="0.115" /><testcase classname="backend.tests.test_gst_reports_phase_b.TestPdfExports" name="test_pdf_export[cancelled]" time="0.113" /><testcase classname="backend.tests.test_gst_reports_phase_b.TestPdfExports" name="test_pdf_export[payment_wise]" time="0.105" /><testcase classname="backend.tests.test_gst_reports_phase_b.TestPdfExports" name="test_pdf_export[tax_summary]" time="0.108" /><testcase classname="backend.tests.test_gst_reports_phase_b.TestAdminOnly" name="test_non_admin_blocked_on_list" time="0.422" /><testcase classname="backend.tests.test_gst_reports_phase_b.TestAdminOnly" name="test_non_admin_blocked_on_data" time="0.098" /><testcase classname="backend.tests.test_gst_reports_phase_b.TestAdminOnly" name="test_non_admin_blocked_on_excel" time="0.107" /><testcase classname="backend.tests.test_gst_reports_phase_b.TestAdminOnly" name="test_non_admin_blocked_on_pdf" time="0.115" /></testsuite></testsuites>