<?xml version="1.0" encoding="utf-8"?><testsuites name="pytest tests"><testsuite name="pytest" errors="0" failures="0" skipped="0" tests="27" time="2.545" timestamp="2026-04-04T06:40:45.515570+00:00" hostname="agent-env-2b0c22bf-0201-4eb8-983d-1c21efeb7101"><testcase classname="backend.tests.test_hrms_phase2.TestPayrollConfig" name="test_get_payroll_config" time="0.463" /><testcase classname="backend.tests.test_hrms_phase2.TestPayrollConfig" name="test_update_payroll_config" time="0.185" /><testcase classname="backend.tests.test_hrms_phase2.TestPayrollConfig" name="test_update_payroll_config_invalid_field" time="0.046" /><testcase classname="backend.tests.test_hrms_phase2.TestPayrollRun" name="test_get_payroll_history" time="0.047" /><testcase classname="backend.tests.test_hrms_phase2.TestPayrollRun" name="test_run_payroll_for_test_month" time="0.047" /><testcase classname="backend.tests.test_hrms_phase2.TestPayrollRun" name="test_get_payroll_detail" time="0.088" /><testcase classname="backend.tests.test_hrms_phase2.TestPayrollRun" name="test_get_payroll_not_found" time="0.045" /><testcase classname="backend.tests.test_hrms_phase2.TestPayrollFinalizeDelete" name="test_delete_draft_payroll" time="0.136" /><testcase classname="backend.tests.test_hrms_phase2.TestPayrollFinalizeDelete" name="test_finalize_payroll" time="0.194" /><testcase classname="backend.tests.test_hrms_phase2.TestPayrollFinalizeDelete" name="test_finalize_already_finalized" time="0.086" /><testcase classname="backend.tests.test_hrms_phase2.TestPayslipPDF" name="test_download_payslip_pdf" time="0.185" /><testcase classname="backend.tests.test_hrms_phase2.TestPayslipPDF" name="test_payslip_invalid_payroll" time="0.046" /><testcase classname="backend.tests.test_hrms_phase2.TestPayslipPDF" name="test_payslip_invalid_employee" time="0.095" /><testcase classname="backend.tests.test_hrms_phase2.TestAttendanceMark" name="test_mark_attendance" time="0.046" /><testcase classname="backend.tests.test_hrms_phase2.TestAttendanceMark" name="test_mark_attendance_missing_date" time="0.043" /><testcase classname="backend.tests.test_hrms_phase2.TestAttendanceMark" name="test_mark_attendance_empty_records" time="0.041" /><testcase classname="backend.tests.test_hrms_phase2.TestAttendanceMark" name="test_mark_attendance_with_leave" time="0.052" /><testcase classname="backend.tests.test_hrms_phase2.TestAttendanceDaily" name="test_get_daily_attendance" time="0.045" /><testcase classname="backend.tests.test_hrms_phase2.TestAttendanceDaily" name="test_get_daily_attendance_with_department_filter" time="0.091" /><testcase classname="backend.tests.test_hrms_phase2.TestAttendanceMonthlySummary" name="test_get_monthly_summary" time="0.047" /><testcase classname="backend.tests.test_hrms_phase2.TestAttendanceMonthlySummary" name="test_get_monthly_summary_with_department" time="0.092" /><testcase classname="backend.tests.test_hrms_phase2.TestLeaveConfig" name="test_get_leave_config" time="0.045" /><testcase classname="backend.tests.test_hrms_phase2.TestLeaveBalance" name="test_get_leave_balance" time="0.055" /><testcase classname="backend.tests.test_hrms_phase2.TestLeaveBalance" name="test_get_leave_balance_with_year" time="0.045" /><testcase classname="backend.tests.test_hrms_phase2.TestLeaveBalance" name="test_get_leave_balance_invalid_employee" time="0.043" /><testcase classname="backend.tests.test_hrms_phase2.TestInventoryDashboardUnaffected" name="test_inventory_dashboard_stats" time="0.048" /><testcase classname="backend.tests.test_hrms_phase2.TestInventoryDashboardUnaffected" name="test_warehouses_api" time="0.043" /></testsuite></testsuites>