<?xml version="1.0" encoding="utf-8"?><testsuites name="pytest tests"><testsuite name="pytest" errors="0" failures="0" skipped="0" tests="17" time="2.392" timestamp="2026-03-31T05:21:57.172765+00:00" hostname="agent-env-2b0c22bf-0201-4eb8-983d-1c21efeb7101"><testcase classname="backend.tests.test_dashboard_charts_pagination.TestDashboardChartData" name="test_chart_data_default_30d" time="0.477" /><testcase classname="backend.tests.test_dashboard_charts_pagination.TestDashboardChartData" name="test_chart_data_7d_period" time="0.109" /><testcase classname="backend.tests.test_dashboard_charts_pagination.TestDashboardChartData" name="test_chart_data_90d_period" time="0.099" /><testcase classname="backend.tests.test_dashboard_charts_pagination.TestDashboardChartData" name="test_chart_data_warehouse_filter" time="0.147" /><testcase classname="backend.tests.test_dashboard_charts_pagination.TestDashboardChartData" name="test_chart_data_combined_filters" time="0.105" /><testcase classname="backend.tests.test_dashboard_charts_pagination.TestDashboardChartData" name="test_payment_breakdown_structure" time="0.101" /><testcase classname="backend.tests.test_dashboard_charts_pagination.TestAuditLogs" name="test_audit_logs_admin_access" time="0.111" /><testcase classname="backend.tests.test_dashboard_charts_pagination.TestAuditLogs" name="test_audit_logs_pagination" time="0.102" /><testcase classname="backend.tests.test_dashboard_charts_pagination.TestAuditLogs" name="test_audit_logs_resource_type_filter" time="0.113" /><testcase classname="backend.tests.test_dashboard_charts_pagination.TestAuditLogs" name="test_audit_logs_unauthenticated" time="0.110" /><testcase classname="backend.tests.test_dashboard_charts_pagination.TestSalesEntriesPagination" name="test_sales_entries_default_pagination" time="0.116" /><testcase classname="backend.tests.test_dashboard_charts_pagination.TestSalesEntriesPagination" name="test_sales_entries_page_1_limit_5" time="0.111" /><testcase classname="backend.tests.test_dashboard_charts_pagination.TestSalesEntriesPagination" name="test_sales_entries_page_2_limit_5" time="0.139" /><testcase classname="backend.tests.test_dashboard_charts_pagination.TestSalesEntriesPagination" name="test_sales_entries_different_pages_different_data" time="0.205" /><testcase classname="backend.tests.test_dashboard_charts_pagination.TestSalesEntriesPagination" name="test_sales_entries_pagination_with_filters" time="0.097" /><testcase classname="backend.tests.test_dashboard_charts_pagination.TestPlantIssuanceHistory" name="test_plant_issuance_history_basic" time="0.100" /><testcase classname="backend.tests.test_dashboard_charts_pagination.TestPlantIssuanceHistory" name="test_plant_issuance_history_date_filter" time="0.097" /></testsuite></testsuites>