<?xml version="1.0" encoding="utf-8"?><testsuites name="pytest tests"><testsuite name="pytest" errors="0" failures="0" skipped="0" tests="12" time="2.660" timestamp="2026-03-18T09:42:35.584288+00:00" hostname="agent-env-2b0c22bf-0201-4eb8-983d-1c21efeb7101"><testcase classname="backend.tests.test_sales_multi_payment.TestSalesMultiPaymentBackend" name="test_01_create_split_payment_entry" time="0.585" /><testcase classname="backend.tests.test_sales_multi_payment.TestSalesMultiPaymentBackend" name="test_02_create_single_cash_payment_entry" time="0.158" /><testcase classname="backend.tests.test_sales_multi_payment.TestSalesMultiPaymentBackend" name="test_03_create_single_online_payment_entry" time="0.103" /><testcase classname="backend.tests.test_sales_multi_payment.TestSalesMultiPaymentBackend" name="test_04_create_single_credit_payment_entry" time="0.112" /><testcase classname="backend.tests.test_sales_multi_payment.TestSalesMultiPaymentBackend" name="test_05_update_split_amounts" time="0.105" /><testcase classname="backend.tests.test_sales_multi_payment.TestSalesMultiPaymentBackend" name="test_06_get_sales_summary_split_totals" time="0.118" /><testcase classname="backend.tests.test_sales_multi_payment.TestSalesMultiPaymentBackend" name="test_07_export_sales_pdf_includes_payment_columns" time="0.112" /><testcase classname="backend.tests.test_sales_multi_payment.TestSalesMultiPaymentBackend" name="test_08_export_sales_excel_includes_payment_columns" time="0.113" /><testcase classname="backend.tests.test_sales_multi_payment.TestSalesMultiPaymentBackend" name="test_09_export_sales_summary_pdf" time="0.147" /><testcase classname="backend.tests.test_sales_multi_payment.TestSalesMultiPaymentBackend" name="test_10_export_sales_summary_excel" time="0.114" /><testcase classname="backend.tests.test_sales_multi_payment.TestSalesMultiPaymentBackend" name="test_11_get_entries_includes_split_amounts" time="0.102" /><testcase classname="backend.tests.test_sales_multi_payment.TestSalesMultiPaymentBackend" name="test_12_cleanup_test_data" time="0.710" /></testsuite></testsuites>