<?xml version="1.0" encoding="utf-8"?><testsuites name="pytest tests"><testsuite name="pytest" errors="0" failures="0" skipped="0" tests="32" time="4.515" timestamp="2026-03-31T06:04:50.081471+00:00" hostname="agent-env-2b0c22bf-0201-4eb8-983d-1c21efeb7101"><testcase classname="tests.test_refactored_routes.TestHealthAndAuth" name="test_health_endpoint" time="0.169" /><testcase classname="tests.test_refactored_routes.TestHealthAndAuth" name="test_admin_login" time="0.329" /><testcase classname="tests.test_refactored_routes.TestHealthAndAuth" name="test_invalid_login" time="0.112" /><testcase classname="tests.test_refactored_routes.TestDashboardRoutes" name="test_dashboard_stats" time="0.432" /><testcase classname="tests.test_refactored_routes.TestDashboardRoutes" name="test_dashboard_chart_data" time="0.110" /><testcase classname="tests.test_refactored_routes.TestDashboardRoutes" name="test_dashboard_chart_data_with_period" time="0.365" /><testcase classname="tests.test_refactored_routes.TestSalesRoutes" name="test_sales_entries_list" time="0.117" /><testcase classname="tests.test_refactored_routes.TestSalesRoutes" name="test_sales_summary" time="0.114" /><testcase classname="tests.test_refactored_routes.TestCustomerRoutes" name="test_customers_list" time="0.099" /><testcase classname="tests.test_refactored_routes.TestCustomerRoutes" name="test_customers_summary" time="0.105" /><testcase classname="tests.test_refactored_routes.TestOrderRoutes" name="test_orders_list" time="0.123" /><testcase classname="tests.test_refactored_routes.TestOrderRoutes" name="test_order_analysis" time="0.119" /><testcase classname="tests.test_refactored_routes.TestWarehouseRoutes" name="test_warehouses_list" time="0.102" /><testcase classname="tests.test_refactored_routes.TestUserRoutes" name="test_users_list" time="0.099" /><testcase classname="tests.test_refactored_routes.TestUserRoutes" name="test_auth_me" time="0.107" /><testcase classname="tests.test_refactored_routes.TestDealerRoutes" name="test_dealers_list" time="0.142" /><testcase classname="tests.test_refactored_routes.TestAccessoryRoutes" name="test_accessories_list" time="0.113" /><testcase classname="tests.test_refactored_routes.TestAuditRoutes" name="test_audit_logs" time="0.105" /><testcase classname="tests.test_refactored_routes.TestAnalyticsRoutes" name="test_connection_refill_analytics" time="0.105" /><testcase classname="tests.test_refactored_routes.TestPlantRoutes" name="test_plant_issuance_history" time="0.116" /><testcase classname="tests.test_refactored_routes.TestPlantRoutes" name="test_plant_available_stock" time="0.109" /><testcase classname="tests.test_refactored_routes.TestExportRoutes" name="test_export_pdf" time="0.123" /><testcase classname="tests.test_refactored_routes.TestExportRoutes" name="test_export_excel" time="0.106" /><testcase classname="tests.test_refactored_routes.TestExportRoutes" name="test_export_sales_pdf" time="0.139" /><testcase classname="tests.test_refactored_routes.TestExportRoutes" name="test_export_sales_excel" time="0.115" /><testcase classname="tests.test_refactored_routes.TestExportRoutes" name="test_export_customers_pdf" time="0.111" /><testcase classname="tests.test_refactored_routes.TestExportRoutes" name="test_export_orders_pdf" time="0.120" /><testcase classname="tests.test_refactored_routes.TestExportRoutes" name="test_export_sales_summary_pdf" time="0.103" /><testcase classname="tests.test_refactored_routes.TestSettingsRoutes" name="test_get_settings" time="0.092" /><testcase classname="tests.test_refactored_routes.TestUnauthorizedAccess" name="test_dashboard_stats_requires_auth" time="0.113" /><testcase classname="tests.test_refactored_routes.TestUnauthorizedAccess" name="test_users_requires_auth" time="0.097" /><testcase classname="tests.test_refactored_routes.TestUnauthorizedAccess" name="test_audit_logs_requires_auth" time="0.099" /></testsuite></testsuites>