<?xml version="1.0" encoding="utf-8"?><testsuites name="pytest tests"><testsuite name="pytest" errors="0" failures="0" skipped="0" tests="9" time="5.280" timestamp="2026-02-23T06:59:53.733011+00:00" hostname="agent-env-c2dd9551-9d82-44bd-a1a9-c73119633d8d"><testcase classname="backend.tests.test_order_status.TestOrderStatusTracking" name="test_get_order_summary_includes_status_counts" time="0.465" /><testcase classname="backend.tests.test_order_status.TestOrderStatusTracking" name="test_orders_list_includes_status_field" time="0.448" /><testcase classname="backend.tests.test_order_status.TestOrderStatusTracking" name="test_filter_orders_by_pending_status" time="0.492" /><testcase classname="backend.tests.test_order_status.TestOrderStatusTracking" name="test_filter_orders_by_delivered_status" time="0.427" /><testcase classname="backend.tests.test_order_status.TestOrderStatusTracking" name="test_update_order_status_pending_to_delivered" time="0.878" /><testcase classname="backend.tests.test_order_status.TestOrderStatusTracking" name="test_update_order_status_delivered_to_pending" time="0.654" /><testcase classname="backend.tests.test_order_status.TestOrderStatusTracking" name="test_update_status_invalid_value" time="0.556" /><testcase classname="backend.tests.test_order_status.TestOrderStatusTracking" name="test_update_status_nonexistent_order" time="0.428" /><testcase classname="backend.tests.test_order_status.TestOrderStatusTracking" name="test_new_order_starts_with_pending_status" time="0.882" /></testsuite></testsuites>