<?xml version="1.0" encoding="utf-8"?><testsuites name="pytest tests"><testsuite name="pytest" errors="0" failures="0" skipped="0" tests="19" time="4.493" timestamp="2026-03-17T04:59:55.008033+00:00" hostname="agent-env-f7489d86-c782-41a9-8e44-c263ac9f4d41"><testcase classname="backend.tests.test_customer_refill.TestAuthLogin" name="test_admin_login_success" time="0.470" /><testcase classname="backend.tests.test_customer_refill.TestAuthLogin" name="test_warehouse_manager_login_success" time="0.345" /><testcase classname="backend.tests.test_customer_refill.TestCustomerRefillStatusAPI" name="test_refill_status_endpoint_returns_200" time="0.514" /><testcase classname="backend.tests.test_customer_refill.TestCustomerRefillStatusAPI" name="test_refill_status_response_structure" time="0.167" /><testcase classname="backend.tests.test_customer_refill.TestCustomerRefillStatusAPI" name="test_refill_status_customer_fields" time="0.138" /><testcase classname="backend.tests.test_customer_refill.TestCustomerRefillStatusAPI" name="test_refill_status_with_warehouse_filter" time="0.267" /><testcase classname="backend.tests.test_customer_refill.TestCustomerRefillStatusAPI" name="test_refill_status_warehouse_manager_access" time="0.526" /><testcase classname="backend.tests.test_customer_refill.TestCustomerRefillStatusAPI" name="test_refill_status_unauthenticated" time="0.134" /><testcase classname="backend.tests.test_customer_refill.TestCustomerLastRefillAPI" name="test_last_refill_endpoint_with_valid_customer" time="0.256" /><testcase classname="backend.tests.test_customer_refill.TestCustomerLastRefillAPI" name="test_last_refill_with_invalid_customer_id" time="0.130" /><testcase classname="backend.tests.test_customer_refill.TestCustomerRefillExportPDF" name="test_export_refill_pdf_returns_file" time="0.142" /><testcase classname="backend.tests.test_customer_refill.TestCustomerRefillExportPDF" name="test_export_refill_pdf_with_warehouse_filter" time="0.271" /><testcase classname="backend.tests.test_customer_refill.TestCustomerRefillExportPDF" name="test_export_refill_pdf_warehouse_manager" time="0.136" /><testcase classname="backend.tests.test_customer_refill.TestCustomerRefillExportExcel" name="test_export_refill_excel_returns_file" time="0.147" /><testcase classname="backend.tests.test_customer_refill.TestCustomerRefillExportExcel" name="test_export_refill_excel_with_warehouse_filter" time="0.258" /><testcase classname="backend.tests.test_customer_refill.TestCustomerRefillExportExcel" name="test_export_refill_excel_warehouse_manager" time="0.134" /><testcase classname="backend.tests.test_customer_refill.TestDaysSinceRefillCalculation" name="test_days_calculation_with_refill_data" time="0.128" /><testcase classname="backend.tests.test_customer_refill.TestDaysSinceRefillCalculation" name="test_no_history_customers_have_null_days" time="0.141" /><testcase classname="backend.tests.test_customer_refill.TestRefillStatusSummaryStats" name="test_summary_stats_are_accurate" time="0.135" /></testsuite></testsuites>