<?xml version="1.0" encoding="utf-8"?><testsuites name="pytest tests"><testsuite name="pytest" errors="0" failures="0" skipped="0" tests="20" time="7.633" timestamp="2026-04-04T08:35:21.531975+00:00" hostname="agent-env-2b0c22bf-0201-4eb8-983d-1c21efeb7101"><testcase classname="backend.tests.test_hrms_smart_search.TestHRMSSmartSearch" name="test_search_requires_authentication" time="0.468" /><testcase classname="backend.tests.test_hrms_smart_search.TestHRMSSmartSearch" name="test_search_empty_query_returns_empty" time="0.363" /><testcase classname="backend.tests.test_hrms_smart_search.TestHRMSSmartSearch" name="test_search_by_employee_name_ankit" time="0.367" /><testcase classname="backend.tests.test_hrms_smart_search.TestHRMSSmartSearch" name="test_search_by_employee_code" time="0.373" /><testcase classname="backend.tests.test_hrms_smart_search.TestHRMSSmartSearch" name="test_search_by_department_name" time="0.362" /><testcase classname="backend.tests.test_hrms_smart_search.TestHRMSSmartSearch" name="test_search_by_designation" time="0.366" /><testcase classname="backend.tests.test_hrms_smart_search.TestHRMSSmartSearch" name="test_search_returns_multiple_modules" time="0.367" /><testcase classname="backend.tests.test_hrms_smart_search.TestHRMSSmartSearch" name="test_search_module_counts_correct" time="0.369" /><testcase classname="backend.tests.test_hrms_smart_search.TestHRMSSmartSearch" name="test_search_result_structure" time="0.361" /><testcase classname="backend.tests.test_hrms_smart_search.TestHRMSSmartSearch" name="test_search_employee_has_status" time="0.362" /><testcase classname="backend.tests.test_hrms_smart_search.TestHRMSSmartSearch" name="test_search_department_has_employee_count" time="0.364" /><testcase classname="backend.tests.test_hrms_smart_search.TestHRMSSmartSearch" name="test_employee_result_links_to_employees_page" time="0.372" /><testcase classname="backend.tests.test_hrms_smart_search.TestHRMSSmartSearch" name="test_department_result_links_to_departments_page" time="0.368" /><testcase classname="backend.tests.test_hrms_smart_search.TestHRMSSmartSearch" name="test_search_case_insensitive" time="0.468" /><testcase classname="backend.tests.test_hrms_smart_search.TestHRMSSmartSearch" name="test_search_partial_match" time="0.382" /><testcase classname="backend.tests.test_hrms_smart_search.TestHRMSSmartSearch" name="test_search_special_characters" time="0.363" /><testcase classname="backend.tests.test_hrms_smart_search.TestHRMSSmartSearch" name="test_search_whitespace_query" time="0.362" /><testcase classname="backend.tests.test_hrms_smart_search.TestHRMSSearchRegression" name="test_hrms_dashboard_stats_still_works" time="0.374" /><testcase classname="backend.tests.test_hrms_smart_search.TestHRMSSearchRegression" name="test_hrms_employees_list_still_works" time="0.371" /><testcase classname="backend.tests.test_hrms_smart_search.TestHRMSSearchRegression" name="test_hrms_departments_list_still_works" time="0.366" /></testsuite></testsuites>