<?xml version="1.0" encoding="utf-8"?><testsuites name="pytest tests"><testsuite name="pytest" errors="0" failures="0" skipped="0" tests="21" time="12.994" timestamp="2026-02-23T05:57:25.157478+00:00" hostname="agent-env-c2dd9551-9d82-44bd-a1a9-c73119633d8d"><testcase classname="backend.tests.test_customer_management.TestAuth" name="test_admin_login" time="0.410" /><testcase classname="backend.tests.test_customer_management.TestAuth" name="test_jullang_manager_login" time="0.356" /><testcase classname="backend.tests.test_customer_management.TestAuth" name="test_naharlagun_manager_login" time="0.357" /><testcase classname="backend.tests.test_customer_management.TestWarehouseManagerCustomers" name="test_jullang_create_customer" time="0.445" /><testcase classname="backend.tests.test_customer_management.TestWarehouseManagerCustomers" name="test_naharlagun_create_customer" time="0.459" /><testcase classname="backend.tests.test_customer_management.TestWarehouseManagerCustomers" name="test_jullang_can_only_see_own_customers" time="0.507" /><testcase classname="backend.tests.test_customer_management.TestWarehouseManagerCustomers" name="test_naharlagun_can_only_see_own_customers" time="0.450" /><testcase classname="backend.tests.test_customer_management.TestAdminCustomerOperations" name="test_admin_can_see_all_customers" time="0.444" /><testcase classname="backend.tests.test_customer_management.TestAdminCustomerOperations" name="test_admin_create_customer_for_warehouse" time="0.552" /><testcase classname="backend.tests.test_customer_management.TestAdminCustomerOperations" name="test_admin_edit_customer" time="0.639" /><testcase classname="backend.tests.test_customer_management.TestAdminCustomerOperations" name="test_admin_delete_customer" time="0.681" /><testcase classname="backend.tests.test_customer_management.TestAdminCustomerOperations" name="test_manager_cannot_edit_customer" time="1.067" /><testcase classname="backend.tests.test_customer_management.TestAdminCustomerOperations" name="test_manager_cannot_delete_customer" time="0.982" /><testcase classname="backend.tests.test_customer_management.TestCustomerSummary" name="test_customer_summary" time="0.448" /><testcase classname="backend.tests.test_customer_management.TestCustomerSearch" name="test_search_by_name" time="0.640" /><testcase classname="backend.tests.test_customer_management.TestCustomerSearch" name="test_filter_by_category" time="0.552" /><testcase classname="backend.tests.test_customer_management.TestExports" name="test_download_sample_template" time="0.453" /><testcase classname="backend.tests.test_customer_management.TestExports" name="test_export_pdf" time="0.455" /><testcase classname="backend.tests.test_customer_management.TestExports" name="test_export_excel" time="0.460" /><testcase classname="backend.tests.test_customer_management.TestBulkUpload" name="test_manager_bulk_upload" time="0.443" /><testcase classname="backend.tests.test_customer_management.TestBulkUpload" name="test_admin_bulk_upload_for_warehouse" time="2.066" /></testsuite></testsuites>