<?xml version="1.0" encoding="utf-8"?><testsuites name="pytest tests"><testsuite name="pytest" errors="0" failures="0" skipped="0" tests="16" time="3.004" timestamp="2026-04-29T05:03:05.557155+00:00" hostname="agent-env-2b0c22bf-0201-4eb8-983d-1c21efeb7101"><testcase classname="backend.tests.test_payroll_adjustments.TestPayrollReview" name="test_review_payroll_returns_adjustment_calculations" time="0.557" /><testcase classname="backend.tests.test_payroll_adjustments.TestPayrollReview" name="test_review_payroll_not_found" time="0.049" /><testcase classname="backend.tests.test_payroll_adjustments.TestAddAdjustment" name="test_add_earning_adjustment" time="0.111" /><testcase classname="backend.tests.test_payroll_adjustments.TestAddAdjustment" name="test_add_deduction_adjustment" time="0.100" /><testcase classname="backend.tests.test_payroll_adjustments.TestAddAdjustment" name="test_add_adjustment_validates_required_fields" time="0.099" /><testcase classname="backend.tests.test_payroll_adjustments.TestAddAdjustment" name="test_add_adjustment_validates_positive_amount" time="0.147" /><testcase classname="backend.tests.test_payroll_adjustments.TestAddAdjustment" name="test_add_adjustment_validates_type" time="0.097" /><testcase classname="backend.tests.test_payroll_adjustments.TestNegativeSalaryPrevention" name="test_deduction_exceeding_net_pay_rejected" time="0.106" /><testcase classname="backend.tests.test_payroll_adjustments.TestFinalizedPayrollProtection" name="test_cannot_add_adjustment_to_finalized_payroll" time="0.146" /><testcase classname="backend.tests.test_payroll_adjustments.TestUpdateAdjustment" name="test_update_adjustment" time="0.097" /><testcase classname="backend.tests.test_payroll_adjustments.TestDeleteAdjustment" name="test_delete_adjustment" time="0.192" /><testcase classname="backend.tests.test_payroll_adjustments.TestAccessControl" name="test_employee_cannot_add_adjustment" time="0.374" /><testcase classname="backend.tests.test_payroll_adjustments.TestAccessControl" name="test_employee_cannot_update_adjustment" time="0.048" /><testcase classname="backend.tests.test_payroll_adjustments.TestAccessControl" name="test_employee_cannot_delete_adjustment" time="0.046" /><testcase classname="backend.tests.test_payroll_adjustments.TestAccessControl" name="test_hr_admin_can_add_adjustment" time="0.432" /><testcase classname="backend.tests.test_payroll_adjustments.TestCleanup" name="test_cleanup_test_adjustments" time="0.193" /></testsuite></testsuites>