<?xml version="1.0" encoding="utf-8"?><testsuites name="pytest tests"><testsuite name="pytest" errors="0" failures="0" skipped="0" tests="24" time="4.911" timestamp="2026-04-04T10:02:46.217132+00:00" hostname="agent-env-2b0c22bf-0201-4eb8-983d-1c21efeb7101"><testcase classname="backend.tests.test_hrms_refactored_routes.TestHRMSCompanySettings" name="test_get_company_settings" time="0.545" /><testcase classname="backend.tests.test_hrms_refactored_routes.TestHRMSCompanySettings" name="test_update_company_settings" time="0.439" /><testcase classname="backend.tests.test_hrms_refactored_routes.TestHRMSDepartments" name="test_get_departments" time="0.099" /><testcase classname="backend.tests.test_hrms_refactored_routes.TestHRMSDepartments" name="test_create_department_requires_admin" time="0.456" /><testcase classname="backend.tests.test_hrms_refactored_routes.TestHRMSEmployees" name="test_get_employees_list" time="0.140" /><testcase classname="backend.tests.test_hrms_refactored_routes.TestHRMSEmployees" name="test_get_employees_with_search" time="0.100" /><testcase classname="backend.tests.test_hrms_refactored_routes.TestHRMSEmployees" name="test_get_upload_logs" time="0.100" /><testcase classname="backend.tests.test_hrms_refactored_routes.TestHRMSEmployees" name="test_bulk_upload_template" time="0.106" /><testcase classname="backend.tests.test_hrms_refactored_routes.TestHRMSDashboard" name="test_get_dashboard_stats" time="0.123" /><testcase classname="backend.tests.test_hrms_refactored_routes.TestDashboardPreference" name="test_set_dashboard_preference" time="0.095" /><testcase classname="backend.tests.test_hrms_refactored_routes.TestDashboardPreference" name="test_get_dashboard_preference" time="0.104" /><testcase classname="backend.tests.test_hrms_refactored_routes.TestDashboardPreference" name="test_set_invalid_dashboard_preference" time="0.093" /><testcase classname="backend.tests.test_hrms_refactored_routes.TestHRMSSearch" name="test_search_employees" time="0.099" /><testcase classname="backend.tests.test_hrms_refactored_routes.TestHRMSSearch" name="test_search_empty_query" time="0.096" /><testcase classname="backend.tests.test_hrms_refactored_routes.TestHRMSSearch" name="test_search_departments" time="0.113" /><testcase classname="backend.tests.test_hrms_refactored_routes.TestHRMSUsers" name="test_list_hrms_users" time="0.107" /><testcase classname="backend.tests.test_hrms_refactored_routes.TestHRMSUsers" name="test_list_hrms_users_requires_admin" time="0.103" /><testcase classname="backend.tests.test_hrms_refactored_routes.TestAccessControl" name="test_employee_can_view_employees" time="0.104" /><testcase classname="backend.tests.test_hrms_refactored_routes.TestAccessControl" name="test_employee_cannot_create_employee" time="0.094" /><testcase classname="backend.tests.test_hrms_refactored_routes.TestAccessControl" name="test_hr_admin_can_access_dashboard_stats" time="0.107" /><testcase classname="backend.tests.test_hrms_refactored_routes.TestAccessControl" name="test_admin_can_access_all_hrms_endpoints" time="0.627" /><testcase classname="backend.tests.test_hrms_refactored_routes.TestAuthentication" name="test_admin_login" time="0.325" /><testcase classname="backend.tests.test_hrms_refactored_routes.TestAuthentication" name="test_hr_admin_login" time="0.324" /><testcase classname="backend.tests.test_hrms_refactored_routes.TestAuthentication" name="test_employee_login" time="0.328" /></testsuite></testsuites>