<?xml version="1.0" encoding="utf-8"?><testsuites name="pytest tests"><testsuite name="pytest" errors="0" failures="0" skipped="0" tests="19" time="4.591" timestamp="2026-02-23T11:49:52.866522+00:00" hostname="agent-env-6de0ff33-6b89-4ba3-8390-5019ca3c4a80"><testcase classname="backend.tests.test_bulk_messaging.TestMessagingSettings" name="test_get_messaging_settings_admin" time="0.535" /><testcase classname="backend.tests.test_bulk_messaging.TestMessagingSettings" name="test_get_messaging_settings_manager_denied" time="0.434" /><testcase classname="backend.tests.test_bulk_messaging.TestMessagingSettings" name="test_update_messaging_settings_admin" time="0.167" /><testcase classname="backend.tests.test_bulk_messaging.TestMessagingSettings" name="test_update_messaging_settings_manager_denied" time="0.105" /><testcase classname="backend.tests.test_bulk_messaging.TestRecipientCount" name="test_get_recipient_count_admin" time="0.110" /><testcase classname="backend.tests.test_bulk_messaging.TestRecipientCount" name="test_get_recipient_count_by_warehouse" time="0.218" /><testcase classname="backend.tests.test_bulk_messaging.TestRecipientCount" name="test_get_recipient_count_by_category" time="0.114" /><testcase classname="backend.tests.test_bulk_messaging.TestRecipientCount" name="test_get_recipient_count_manager_denied" time="0.146" /><testcase classname="backend.tests.test_bulk_messaging.TestSendBulkMessage" name="test_send_sms_message_simulated" time="0.486" /><testcase classname="backend.tests.test_bulk_messaging.TestSendBulkMessage" name="test_send_whatsapp_message_simulated" time="0.441" /><testcase classname="backend.tests.test_bulk_messaging.TestSendBulkMessage" name="test_send_both_channels_simulated" time="0.443" /><testcase classname="backend.tests.test_bulk_messaging.TestSendBulkMessage" name="test_send_message_empty_text_fails" time="0.116" /><testcase classname="backend.tests.test_bulk_messaging.TestSendBulkMessage" name="test_send_message_invalid_channel_fails" time="0.114" /><testcase classname="backend.tests.test_bulk_messaging.TestSendBulkMessage" name="test_send_message_manager_denied" time="0.116" /><testcase classname="backend.tests.test_bulk_messaging.TestMessageLogs" name="test_get_message_logs_admin" time="0.102" /><testcase classname="backend.tests.test_bulk_messaging.TestMessageLogs" name="test_get_message_log_detail_admin" time="0.213" /><testcase classname="backend.tests.test_bulk_messaging.TestMessageLogs" name="test_get_message_log_detail_not_found" time="0.104" /><testcase classname="backend.tests.test_bulk_messaging.TestMessageLogs" name="test_get_message_logs_manager_denied" time="0.114" /><testcase classname="backend.tests.test_bulk_messaging.TestCustomerPhoneField" name="test_customer_create_with_phone" time="0.308" /></testsuite></testsuites>