<?xml version="1.0" encoding="utf-8"?><testsuites name="pytest tests"><testsuite name="pytest" errors="0" failures="0" skipped="0" tests="19" time="7.745" timestamp="2026-04-04T08:44:25.598116+00:00" hostname="agent-env-2b0c22bf-0201-4eb8-983d-1c21efeb7101"><testcase classname="backend.tests.test_date_format_sort_order.TestDateFormatAndSortOrder" name="test_attendance_records_sorted_ascending_by_date" time="0.513" /><testcase classname="backend.tests.test_date_format_sort_order.TestDateFormatAndSortOrder" name="test_attendance_daily_returns_data" time="0.389" /><testcase classname="backend.tests.test_date_format_sort_order.TestDateFormatAndSortOrder" name="test_attendance_employee_overview_sorted_ascending" time="0.414" /><testcase classname="backend.tests.test_date_format_sort_order.TestDateFormatAndSortOrder" name="test_payroll_history_sorted_ascending_by_year_month" time="0.424" /><testcase classname="backend.tests.test_date_format_sort_order.TestDateFormatAndSortOrder" name="test_jobs_sorted_ascending_by_created_at" time="0.361" /><testcase classname="backend.tests.test_date_format_sort_order.TestDateFormatAndSortOrder" name="test_candidates_sorted_ascending_by_created_at" time="0.389" /><testcase classname="backend.tests.test_date_format_sort_order.TestDateFormatAndSortOrder" name="test_appraisal_cycles_sorted_ascending_by_start_date" time="0.366" /><testcase classname="backend.tests.test_date_format_sort_order.TestDateFormatAndSortOrder" name="test_reviews_sorted_ascending_by_created_at" time="0.380" /><testcase classname="backend.tests.test_date_format_sort_order.TestDateFormatAndSortOrder" name="test_employee_attendance_pdf_has_dd_mm_yyyy_format" time="0.458" /><testcase classname="backend.tests.test_date_format_sort_order.TestDateFormatAndSortOrder" name="test_employee_attendance_excel_has_dd_mm_yyyy_format" time="0.428" /><testcase classname="backend.tests.test_date_format_sort_order.TestDateFormatAndSortOrder" name="test_employee_directory_pdf_has_dd_mm_yyyy_format" time="0.419" /><testcase classname="backend.tests.test_date_format_sort_order.TestDateFormatAndSortOrder" name="test_employee_directory_excel_works" time="0.400" /><testcase classname="backend.tests.test_date_format_sort_order.TestDateFormatAndSortOrder" name="test_regression_employee_crud_list" time="0.369" /><testcase classname="backend.tests.test_date_format_sort_order.TestDateFormatAndSortOrder" name="test_regression_employee_crud_get_single" time="0.433" /><testcase classname="backend.tests.test_date_format_sort_order.TestDateFormatAndSortOrder" name="test_regression_attendance_daily_entry_works" time="0.376" /><testcase classname="backend.tests.test_date_format_sort_order.TestDateFormatAndSortOrder" name="test_regression_attendance_monthly_summary_works" time="0.424" /><testcase classname="backend.tests.test_date_format_sort_order.TestDateFormatAndSortOrder" name="test_regression_smart_search_works" time="0.374" /><testcase classname="backend.tests.test_date_format_sort_order.TestDateFormatAndSortOrder" name="test_regression_dashboard_stats_works" time="0.381" /><testcase classname="backend.tests.test_date_format_sort_order.TestDateFormatAndSortOrder" name="test_regression_departments_list_works" time="0.363" /></testsuite></testsuites>