<?xml version="1.0" encoding="utf-8"?><testsuites name="pytest tests"><testsuite name="pytest" errors="0" failures="0" skipped="0" tests="18" time="2.119" timestamp="2026-04-04T06:18:24.836879+00:00" hostname="agent-env-2b0c22bf-0201-4eb8-983d-1c21efeb7101"><testcase classname="backend.tests.test_hrms.TestAuthLogin" name="test_login_success" time="0.444" /><testcase classname="backend.tests.test_hrms.TestAuthLogin" name="test_login_invalid_credentials" time="0.046" /><testcase classname="backend.tests.test_hrms.TestDashboardPreference" name="test_set_dashboard_inventory" time="0.312" /><testcase classname="backend.tests.test_hrms.TestDashboardPreference" name="test_set_dashboard_hrms" time="0.046" /><testcase classname="backend.tests.test_hrms.TestDashboardPreference" name="test_set_dashboard_invalid" time="0.046" /><testcase classname="backend.tests.test_hrms.TestDashboardPreference" name="test_get_dashboard_preference" time="0.049" /><testcase classname="backend.tests.test_hrms.TestHRMSDashboardStats" name="test_get_dashboard_stats" time="0.048" /><testcase classname="backend.tests.test_hrms.TestHRMSDepartments" name="test_get_departments" time="0.051" /><testcase classname="backend.tests.test_hrms.TestHRMSDepartments" name="test_create_department" time="0.138" /><testcase classname="backend.tests.test_hrms.TestHRMSDepartments" name="test_create_duplicate_department" time="0.090" /><testcase classname="backend.tests.test_hrms.TestHRMSEmployees" name="test_get_employees_paginated" time="0.045" /><testcase classname="backend.tests.test_hrms.TestHRMSEmployees" name="test_get_employees_with_search" time="0.044" /><testcase classname="backend.tests.test_hrms.TestHRMSEmployees" name="test_get_employees_with_status_filter" time="0.045" /><testcase classname="backend.tests.test_hrms.TestHRMSEmployees" name="test_create_employee_and_verify" time="0.174" /><testcase classname="backend.tests.test_hrms.TestHRMSEmployees" name="test_create_employee_missing_fields" time="0.055" /><testcase classname="backend.tests.test_hrms.TestHRMSEmployees" name="test_create_employee_duplicate_email" time="0.133" /><testcase classname="backend.tests.test_hrms.TestHRMSCompanySettings" name="test_get_company_settings" time="0.044" /><testcase classname="backend.tests.test_hrms.TestHRMSCompanySettings" name="test_update_company_settings" time="0.181" /></testsuite></testsuites>