<?xml version="1.0" encoding="utf-8"?><testsuites name="pytest tests"><testsuite name="pytest" errors="0" failures="0" skipped="0" tests="10" time="4.545" timestamp="2026-03-13T07:31:49.942956+00:00" hostname="agent-env-f7489d86-c782-41a9-8e44-c263ac9f4d41"><testcase classname="backend.tests.test_dashboard_cylinder_stock.TestDashboardStats" name="test_dashboard_stats_returns_200" time="0.532" /><testcase classname="backend.tests.test_dashboard_cylinder_stock.TestDashboardStats" name="test_dashboard_stats_contains_total_warehouses" time="0.460" /><testcase classname="backend.tests.test_dashboard_cylinder_stock.TestDashboardStats" name="test_dashboard_stats_contains_filled_cylinder_totals" time="0.431" /><testcase classname="backend.tests.test_dashboard_cylinder_stock.TestDashboardStats" name="test_dashboard_stats_contains_empty_cylinder_totals" time="0.426" /><testcase classname="backend.tests.test_dashboard_cylinder_stock.TestDashboardStats" name="test_dashboard_stats_contains_warehouses_array" time="0.430" /><testcase classname="backend.tests.test_dashboard_cylinder_stock.TestDashboardStats" name="test_dashboard_stats_contains_plant_data" time="0.427" /><testcase classname="backend.tests.test_dashboard_cylinder_stock.TestDashboardStats" name="test_dashboard_stats_contains_discrepancies_array" time="0.428" /><testcase classname="backend.tests.test_dashboard_cylinder_stock.TestDashboardStats" name="test_totals_match_warehouse_sum" time="0.427" /><testcase classname="backend.tests.test_dashboard_cylinder_stock.TestWarehouseManagerAccess" name="test_warehouse_manager_can_access_dashboard_stats" time="0.473" /><testcase classname="backend.tests.test_dashboard_cylinder_stock.TestSalesExecAccess" name="test_sales_exec_can_access_dashboard_stats" time="0.452" /></testsuite></testsuites>