<?xml version="1.0" encoding="utf-8"?><testsuites name="pytest tests"><testsuite name="pytest" errors="0" failures="0" skipped="0" tests="20" time="4.663" timestamp="2026-06-30T05:12:30.951163+00:00" hostname="agent-env-2b0c22bf-0201-4eb8-983d-1c21efeb7101"><testcase classname="backend.tests.test_gst_round_off.TestRoundOffComputation" name="test_spec_example_positive_roundoff" time="0.479" /><testcase classname="backend.tests.test_gst_round_off.TestRoundOffComputation" name="test_negative_roundoff" time="0.187" /><testcase classname="backend.tests.test_gst_round_off.TestRoundOffComputation" name="test_whole_number_zero_roundoff" time="0.100" /><testcase classname="backend.tests.test_gst_round_off.TestRoundOffComputation" name="test_inter_state_case" time="0.103" /><testcase classname="backend.tests.test_gst_round_off.TestUpdateAndCancel" name="test_put_recomputes_round_off" time="0.239" /><testcase classname="backend.tests.test_gst_round_off.TestUpdateAndCancel" name="test_cancelled_invoice_cannot_be_edited" time="0.308" /><testcase classname="backend.tests.test_gst_round_off.TestPdfRoundOff" name="test_pdf_new_invoice_contains_round_off_rows" time="0.808" /><testcase classname="backend.tests.test_gst_round_off.TestPdfRoundOff" name="test_pdf_legacy_invoice_omits_round_off_rows" time="0.481" /><testcase classname="backend.tests.test_gst_round_off.TestExcelRoundOff" name="test_excel_round_off_column_populated" time="0.421" /><testcase classname="backend.tests.test_gst_round_off.TestReportsRoundOff" name="test_gst_report_has_round_off_column" time="0.099" /><testcase classname="backend.tests.test_gst_round_off.TestReportsRoundOff" name="test_other_reports_still_work[daily_sales]" time="0.105" /><testcase classname="backend.tests.test_gst_round_off.TestReportsRoundOff" name="test_other_reports_still_work[monthly_sales]" time="0.109" /><testcase classname="backend.tests.test_gst_round_off.TestReportsRoundOff" name="test_other_reports_still_work[customer_wise]" time="0.104" /><testcase classname="backend.tests.test_gst_round_off.TestReportsRoundOff" name="test_other_reports_still_work[warehouse_wise]" time="0.152" /><testcase classname="backend.tests.test_gst_round_off.TestReportsRoundOff" name="test_other_reports_still_work[payment_wise]" time="0.106" /><testcase classname="backend.tests.test_gst_round_off.TestReportsRoundOff" name="test_line_item_reports_unchanged_no_round_off[tax_summary]" time="0.147" /><testcase classname="backend.tests.test_gst_round_off.TestReportsRoundOff" name="test_line_item_reports_unchanged_no_round_off[hsn_summary]" time="0.102" /><testcase classname="backend.tests.test_gst_round_off.TestReportsRoundOff" name="test_line_item_reports_unchanged_no_round_off[item_wise]" time="0.109" /><testcase classname="backend.tests.test_gst_round_off.TestAutoGenInvoiceRoundOff" name="test_existing_auto_gen_invoices_have_or_lack_round_off_consistently" time="0.115" /><testcase classname="backend.tests.test_gst_round_off.TestLegacyInvariant" name="test_legacy_invoices_have_no_round_off_field" time="0.113" /></testsuite></testsuites>