<?xml version="1.0" encoding="utf-8"?><testsuites name="pytest tests"><testsuite name="pytest" errors="0" failures="0" skipped="0" tests="24" time="53.942" timestamp="2026-04-04T09:17:15.187112+00:00" hostname="agent-env-2b0c22bf-0201-4eb8-983d-1c21efeb7101"><testcase classname="backend.tests.test_hrms_user_management.TestHRMSUserManagement" name="test_list_users_as_admin" time="1.115" /><testcase classname="backend.tests.test_hrms_user_management.TestHRMSUserManagement" name="test_list_users_as_hr_admin" time="1.070" /><testcase classname="backend.tests.test_hrms_user_management.TestHRMSUserManagement" name="test_list_users_as_employee_denied" time="1.082" /><testcase classname="backend.tests.test_hrms_user_management.TestHRMSUserManagement" name="test_list_users_excludes_admin_sales_roles" time="1.076" /><testcase classname="backend.tests.test_hrms_user_management.TestHRMSUserManagement" name="test_create_user_as_admin" time="1.423" /><testcase classname="backend.tests.test_hrms_user_management.TestHRMSUserManagement" name="test_create_user_as_hr_admin" time="1.381" /><testcase classname="backend.tests.test_hrms_user_management.TestHRMSUserManagement" name="test_create_user_as_employee_denied" time="1.048" /><testcase classname="backend.tests.test_hrms_user_management.TestHRMSUserManagement" name="test_create_user_validates_required_fields" time="1.350" /><testcase classname="backend.tests.test_hrms_user_management.TestHRMSUserManagement" name="test_create_user_validates_role_constraint" time="1.111" /><testcase classname="backend.tests.test_hrms_user_management.TestHRMSUserManagement" name="test_create_user_validates_duplicate_email" time="1.493" /><testcase classname="backend.tests.test_hrms_user_management.TestHRMSUserManagement" name="test_create_user_validates_password_length" time="1.055" /><testcase classname="backend.tests.test_hrms_user_management.TestHRMSUserManagement" name="test_create_user_sets_allowed_dashboards_hrms" time="1.706" /><testcase classname="backend.tests.test_hrms_user_management.TestHRMSUserManagement" name="test_update_user_as_admin" time="1.607" /><testcase classname="backend.tests.test_hrms_user_management.TestHRMSUserManagement" name="test_update_user_as_hr_admin" time="1.511" /><testcase classname="backend.tests.test_hrms_user_management.TestHRMSUserManagement" name="test_update_user_as_employee_denied" time="1.164" /><testcase classname="backend.tests.test_hrms_user_management.TestHRMSUserManagement" name="test_update_user_validates_duplicate_email" time="1.933" /><testcase classname="backend.tests.test_hrms_user_management.TestHRMSUserManagement" name="test_reset_password_as_admin" time="2.155" /><testcase classname="backend.tests.test_hrms_user_management.TestHRMSUserManagement" name="test_reset_password_as_hr_admin" time="22.427" /><testcase classname="backend.tests.test_hrms_user_management.TestHRMSUserManagement" name="test_reset_password_as_employee_denied" time="1.255" /><testcase classname="backend.tests.test_hrms_user_management.TestHRMSUserManagement" name="test_reset_password_validates_min_length" time="1.483" /><testcase classname="backend.tests.test_hrms_user_management.TestHRMSUserManagement" name="test_deactivate_user_as_admin" time="1.599" /><testcase classname="backend.tests.test_hrms_user_management.TestHRMSUserManagement" name="test_deactivate_user_as_hr_admin" time="1.519" /><testcase classname="backend.tests.test_hrms_user_management.TestHRMSUserManagement" name="test_deactivate_user_as_employee_denied" time="1.157" /><testcase classname="backend.tests.test_hrms_user_management.TestHRMSUserManagement" name="test_cannot_deactivate_self" time="1.159" /></testsuite></testsuites>