<?xml version="1.0" encoding="utf-8"?><testsuites name="pytest tests"><testsuite name="pytest" errors="0" failures="0" skipped="0" tests="21" time="4.193" timestamp="2026-04-29T05:20:53.015502+00:00" hostname="agent-env-2b0c22bf-0201-4eb8-983d-1c21efeb7101"><testcase classname="backend.tests.test_bulk_attendance_update.TestBulkUpdatePreview" name="test_preview_returns_expected_fields" time="0.677" /><testcase classname="backend.tests.test_bulk_attendance_update.TestBulkUpdatePreview" name="test_preview_multiple_employees_dates" time="0.114" /><testcase classname="backend.tests.test_bulk_attendance_update.TestBulkUpdatePreview" name="test_preview_requires_employees" time="0.119" /><testcase classname="backend.tests.test_bulk_attendance_update.TestBulkUpdatePreview" name="test_preview_requires_dates" time="0.110" /><testcase classname="backend.tests.test_bulk_attendance_update.TestBulkUpdateApply" name="test_apply_creates_attendance_records" time="0.115" /><testcase classname="backend.tests.test_bulk_attendance_update.TestBulkUpdateApply" name="test_apply_requires_reason" time="0.098" /><testcase classname="backend.tests.test_bulk_attendance_update.TestBulkUpdateApply" name="test_apply_requires_reason_missing_field" time="0.141" /><testcase classname="backend.tests.test_bulk_attendance_update.TestBulkUpdateApply" name="test_apply_validates_status" time="0.116" /><testcase classname="backend.tests.test_bulk_attendance_update.TestBulkUpdateApply" name="test_apply_with_leave_type" time="0.109" /><testcase classname="backend.tests.test_bulk_attendance_update.TestBulkUpdateUndo" name="test_undo_reverts_changes" time="0.202" /><testcase classname="backend.tests.test_bulk_attendance_update.TestBulkUpdateUndo" name="test_undo_double_undo_fails" time="0.372" /><testcase classname="backend.tests.test_bulk_attendance_update.TestBulkUpdateUndo" name="test_undo_invalid_log_id" time="0.102" /><testcase classname="backend.tests.test_bulk_attendance_update.TestBulkUpdateUndo" name="test_undo_requires_log_id" time="0.155" /><testcase classname="backend.tests.test_bulk_attendance_update.TestBulkUpdateLogs" name="test_logs_returns_list" time="0.116" /><testcase classname="backend.tests.test_bulk_attendance_update.TestBulkUpdateLogs" name="test_logs_hr_admin_access" time="0.476" /><testcase classname="backend.tests.test_bulk_attendance_update.TestAccessControl" name="test_employee_cannot_preview" time="0.452" /><testcase classname="backend.tests.test_bulk_attendance_update.TestAccessControl" name="test_employee_cannot_apply" time="0.109" /><testcase classname="backend.tests.test_bulk_attendance_update.TestAccessControl" name="test_employee_cannot_undo" time="0.105" /><testcase classname="backend.tests.test_bulk_attendance_update.TestAccessControl" name="test_employee_cannot_view_logs" time="0.106" /><testcase classname="backend.tests.test_bulk_attendance_update.TestHRAdminAccess" name="test_hr_admin_can_preview" time="0.112" /><testcase classname="backend.tests.test_bulk_attendance_update.TestHRAdminAccess" name="test_hr_admin_can_apply" time="0.110" /></testsuite></testsuites>