<?xml version="1.0" encoding="utf-8"?><testsuites name="pytest tests"><testsuite name="pytest" errors="0" failures="0" skipped="0" tests="19" time="8.662" timestamp="2026-04-04T07:54:37.778884+00:00" hostname="agent-env-2b0c22bf-0201-4eb8-983d-1c21efeb7101"><testcase classname="backend.tests.test_hrms_attendance_features.TestHRMSAttendanceFeatures" name="test_employee_overview_success" time="0.477" /><testcase classname="backend.tests.test_hrms_attendance_features.TestHRMSAttendanceFeatures" name="test_employee_overview_invalid_employee" time="0.428" /><testcase classname="backend.tests.test_hrms_attendance_features.TestHRMSAttendanceFeatures" name="test_employee_overview_without_auth" time="0.459" /><testcase classname="backend.tests.test_hrms_attendance_features.TestHRMSAttendanceFeatures" name="test_employee_overview_empty_date_range" time="0.432" /><testcase classname="backend.tests.test_hrms_attendance_features.TestHRMSAttendanceFeatures" name="test_biometric_sync_success" time="0.420" /><testcase classname="backend.tests.test_hrms_attendance_features.TestHRMSAttendanceFeatures" name="test_biometric_sync_invalid_employee_code" time="0.437" /><testcase classname="backend.tests.test_hrms_attendance_features.TestHRMSAttendanceFeatures" name="test_biometric_sync_invalid_punch_type" time="0.425" /><testcase classname="backend.tests.test_hrms_attendance_features.TestHRMSAttendanceFeatures" name="test_biometric_sync_empty_punches" time="0.419" /><testcase classname="backend.tests.test_hrms_attendance_features.TestHRMSAttendanceFeatures" name="test_biometric_sync_without_auth" time="0.468" /><testcase classname="backend.tests.test_hrms_attendance_features.TestHRMSAttendanceFeatures" name="test_employee_attendance_pdf_export" time="0.446" /><testcase classname="backend.tests.test_hrms_attendance_features.TestHRMSAttendanceFeatures" name="test_employee_attendance_excel_export" time="0.486" /><testcase classname="backend.tests.test_hrms_attendance_features.TestHRMSAttendanceFeatures" name="test_employee_attendance_pdf_invalid_employee" time="0.458" /><testcase classname="backend.tests.test_hrms_attendance_features.TestHRMSAttendanceFeatures" name="test_employee_attendance_excel_invalid_employee" time="0.472" /><testcase classname="backend.tests.test_hrms_attendance_features.TestHRMSAttendanceFeatures" name="test_daily_attendance_endpoint" time="0.441" /><testcase classname="backend.tests.test_hrms_attendance_features.TestHRMSAttendanceFeatures" name="test_monthly_summary_endpoint" time="0.451" /><testcase classname="backend.tests.test_hrms_attendance_features.TestHRMSAttendanceFeatures" name="test_monthly_summary_pdf_export" time="0.456" /><testcase classname="backend.tests.test_hrms_attendance_features.TestHRMSAttendanceFeatures" name="test_monthly_summary_excel_export" time="0.520" /><testcase classname="backend.tests.test_hrms_attendance_features.TestHRMSAttendanceFeatures" name="test_attendance_mark_endpoint" time="0.423" /><testcase classname="backend.tests.test_hrms_attendance_features.TestHRMSAttendanceFeatures" name="test_attendance_with_date_range" time="0.455" /></testsuite></testsuites>