<?xml version="1.0" encoding="utf-8"?><testsuites name="pytest tests"><testsuite name="pytest" errors="0" failures="0" skipped="0" tests="11" time="6.865" timestamp="2026-04-04T07:27:56.851844+00:00" hostname="agent-env-2b0c22bf-0201-4eb8-983d-1c21efeb7101"><testcase classname="backend.tests.test_hrms_certificates.TestHRMSCertificates" name="test_salary_certificate_pdf" time="0.682" /><testcase classname="backend.tests.test_hrms_certificates.TestHRMSCertificates" name="test_salary_certificate_invalid_employee" time="0.530" /><testcase classname="backend.tests.test_hrms_certificates.TestHRMSCertificates" name="test_salary_certificate_unauthorized" time="0.555" /><testcase classname="backend.tests.test_hrms_certificates.TestHRMSCertificates" name="test_experience_certificate_pdf" time="0.567" /><testcase classname="backend.tests.test_hrms_certificates.TestHRMSCertificates" name="test_experience_certificate_invalid_employee" time="0.518" /><testcase classname="backend.tests.test_hrms_certificates.TestHRMSCertificates" name="test_experience_certificate_unauthorized" time="0.528" /><testcase classname="backend.tests.test_hrms_certificates.TestHRMSCertificates" name="test_certificates_for_multiple_employees" time="1.409" /><testcase classname="backend.tests.test_hrms_certificates.TestCompanySettings" name="test_get_company_settings" time="0.430" /><testcase classname="backend.tests.test_hrms_certificates.TestCompanySettings" name="test_update_company_settings" time="0.530" /><testcase classname="backend.tests.test_hrms_certificates.TestCompanySettings" name="test_company_logo_upload_endpoint_exists" time="0.421" /><testcase classname="backend.tests.test_hrms_certificates.TestPayslipPDF" name="test_payslip_pdf_a4_format" time="0.627" /></testsuite></testsuites>