<?xml version="1.0" encoding="utf-8"?><testsuites name="pytest tests"><testsuite name="pytest" errors="0" failures="0" skipped="0" tests="24" time="11.587" timestamp="2026-04-04T07:15:49.136526+00:00" hostname="agent-env-2b0c22bf-0201-4eb8-983d-1c21efeb7101"><testcase classname="tests.test_hrms_reports.TestHRMSReports" name="test_employees_pdf_report" time="0.468" /><testcase classname="tests.test_hrms_reports.TestHRMSReports" name="test_employees_pdf_with_department_filter" time="0.530" /><testcase classname="tests.test_hrms_reports.TestHRMSReports" name="test_employees_pdf_with_status_filter" time="0.429" /><testcase classname="tests.test_hrms_reports.TestHRMSReports" name="test_employees_excel_report" time="0.469" /><testcase classname="tests.test_hrms_reports.TestHRMSReports" name="test_employees_excel_with_filters" time="0.433" /><testcase classname="tests.test_hrms_reports.TestHRMSReports" name="test_attendance_pdf_report" time="0.491" /><testcase classname="tests.test_hrms_reports.TestHRMSReports" name="test_attendance_pdf_with_department_filter" time="0.551" /><testcase classname="tests.test_hrms_reports.TestHRMSReports" name="test_attendance_excel_report" time="0.472" /><testcase classname="tests.test_hrms_reports.TestHRMSReports" name="test_attendance_excel_with_department_filter" time="0.540" /><testcase classname="tests.test_hrms_reports.TestHRMSReports" name="test_payroll_pdf_report" time="0.524" /><testcase classname="tests.test_hrms_reports.TestHRMSReports" name="test_payroll_pdf_invalid_id" time="0.444" /><testcase classname="tests.test_hrms_reports.TestHRMSReports" name="test_payroll_excel_report" time="0.519" /><testcase classname="tests.test_hrms_reports.TestHRMSReports" name="test_payroll_excel_invalid_id" time="0.415" /><testcase classname="tests.test_hrms_reports.TestHRMSReports" name="test_payslip_pdf" time="0.641" /><testcase classname="tests.test_hrms_reports.TestHRMSReports" name="test_payslip_pdf_invalid_payroll" time="0.437" /><testcase classname="tests.test_hrms_reports.TestHRMSReports" name="test_payslip_pdf_invalid_employee" time="0.537" /><testcase classname="tests.test_hrms_reports.TestHRMSDashboardData" name="test_dashboard_stats" time="0.459" /><testcase classname="tests.test_hrms_reports.TestHRMSDashboardData" name="test_employees_list" time="0.419" /><testcase classname="tests.test_hrms_reports.TestHRMSDashboardData" name="test_departments_list" time="0.429" /><testcase classname="tests.test_hrms_reports.TestHRMSDashboardData" name="test_hiring_stats" time="0.436" /><testcase classname="tests.test_hrms_reports.TestHRMSDashboardData" name="test_performance_stats" time="0.437" /><testcase classname="tests.test_hrms_reports.TestInventoryDashboardUnaffected" name="test_inventory_dashboard_stats" time="0.450" /><testcase classname="tests.test_hrms_reports.TestInventoryDashboardUnaffected" name="test_inventory_warehouses" time="0.424" /><testcase classname="tests.test_hrms_reports.TestInventoryDashboardUnaffected" name="test_inventory_stock" time="0.533" /></testsuite></testsuites>