<?xml version="1.0" encoding="utf-8"?><testsuites name="pytest tests"><testsuite name="pytest" errors="0" failures="0" skipped="0" tests="14" time="4.623" timestamp="2026-06-29T08:14:56.516907+00:00" hostname="agent-env-2b0c22bf-0201-4eb8-983d-1c21efeb7101"><testcase classname="backend.tests.test_gst_connection_plans.TestPlanAccess" name="test_non_admin_blocked" time="0.545" /><testcase classname="backend.tests.test_gst_connection_plans.TestPlanSeeding" name="test_11_plans_seeded" time="0.429" /><testcase classname="backend.tests.test_gst_connection_plans.TestPlanSeeding" name="test_domestic_single_full_has_stove_burner" time="0.101" /><testcase classname="backend.tests.test_gst_connection_plans.TestPlanSeeding" name="test_domestic_single_basic_8_items" time="0.107" /><testcase classname="backend.tests.test_gst_connection_plans.TestPlanSeeding" name="test_get_single_plan" time="0.219" /><testcase classname="backend.tests.test_gst_connection_plans.TestPlanCRUD" name="test_create_validation_missing_name" time="0.110" /><testcase classname="backend.tests.test_gst_connection_plans.TestPlanCRUD" name="test_create_validation_no_items" time="0.141" /><testcase classname="backend.tests.test_gst_connection_plans.TestPlanCRUD" name="test_create_and_delete_custom_plan" time="0.311" /><testcase classname="backend.tests.test_gst_connection_plans.TestAutoGenWithPlan" name="test_domestic_single_basic_plan" time="0.602" /><testcase classname="backend.tests.test_gst_connection_plans.TestAutoGenWithPlan" name="test_domestic_single_full_with_accessories" time="0.566" /><testcase classname="backend.tests.test_gst_connection_plans.TestAutoGenWithPlan" name="test_domestic_double_basic" time="0.506" /><testcase classname="backend.tests.test_gst_connection_plans.TestAutoGenWithPlan" name="test_commercial_fallback_when_rates_unset" time="0.209" /><testcase classname="backend.tests.test_gst_connection_plans.TestAutoGenWithPlan" name="test_refill_single_line" time="0.207" /><testcase classname="backend.tests.test_gst_connection_plans.TestAutoGenWithPlan" name="test_explicit_plan_id_override" time="0.517" /></testsuite></testsuites>