<?xml version="1.0" encoding="utf-8"?><testsuites name="pytest tests"><testsuite name="pytest" errors="0" failures="0" skipped="0" tests="13" time="5.679" timestamp="2026-03-25T07:05:19.204830+00:00" hostname="agent-env-2b0c22bf-0201-4eb8-983d-1c21efeb7101"><testcase classname="backend.tests.test_plant_issuance.TestPlantIssuance" name="test_get_dealers_returns_list" time="0.484" /><testcase classname="backend.tests.test_plant_issuance.TestPlantIssuance" name="test_get_plant_available_stock" time="0.422" /><testcase classname="backend.tests.test_plant_issuance.TestPlantIssuance" name="test_get_plant_available_stock_with_date_param" time="0.372" /><testcase classname="backend.tests.test_plant_issuance.TestPlantIssuance" name="test_issue_to_dealer_rejects_zero_quantities" time="0.418" /><testcase classname="backend.tests.test_plant_issuance.TestPlantIssuance" name="test_issue_to_dealer_rejects_negative_quantities" time="0.446" /><testcase classname="backend.tests.test_plant_issuance.TestPlantIssuance" name="test_issue_to_dealer_rejects_invalid_dealer" time="0.407" /><testcase classname="backend.tests.test_plant_issuance.TestPlantIssuance" name="test_issue_to_dealer_validates_stock_sufficiency" time="0.413" /><testcase classname="backend.tests.test_plant_issuance.TestPlantIssuance" name="test_get_issuance_history" time="0.367" /><testcase classname="backend.tests.test_plant_issuance.TestPlantIssuance" name="test_get_issuance_history_with_date_filter" time="0.365" /><testcase classname="backend.tests.test_plant_issuance.TestPlantIssuance" name="test_get_issuance_history_with_dealer_filter" time="0.425" /><testcase classname="backend.tests.test_plant_issuance.TestPlantIssuanceFullFlow" name="test_full_issuance_flow_with_stock_seeding" time="0.800" /><testcase classname="backend.tests.test_plant_issuance.TestPlantIssuanceAccessControl" name="test_unauthenticated_access_denied" time="0.220" /><testcase classname="backend.tests.test_plant_issuance.TestPlantIssuanceAccessControl" name="test_sales_executive_can_access_endpoints" time="0.458" /></testsuite></testsuites>