<?xml version="1.0" encoding="utf-8"?><testsuites name="pytest tests"><testsuite name="pytest" errors="0" failures="0" skipped="0" tests="19" time="4.587" timestamp="2026-06-29T07:08:06.446855+00:00" hostname="agent-env-2b0c22bf-0201-4eb8-983d-1c21efeb7101"><testcase classname="backend.tests.test_gst_billing.TestAccessControl" name="test_admin_access" time="0.464" /><testcase classname="backend.tests.test_gst_billing.TestAccessControl" name="test_non_admin_blocked" time="0.831" /><testcase classname="backend.tests.test_gst_billing.TestConfig" name="test_default_config" time="0.101" /><testcase classname="backend.tests.test_gst_billing.TestConfig" name="test_update_config" time="0.211" /><testcase classname="backend.tests.test_gst_billing.TestConfig" name="test_invalid_tax_mode" time="0.095" /><testcase classname="backend.tests.test_gst_billing.TestItems" name="test_items_seeded" time="0.136" /><testcase classname="backend.tests.test_gst_billing.TestItems" name="test_item_crud" time="0.321" /><testcase classname="backend.tests.test_gst_billing.TestInvoiceCRUD" name="test_create_invoice_totals" time="0.100" /><testcase classname="backend.tests.test_gst_billing.TestInvoiceCRUD" name="test_inter_state_only_igst" time="0.215" /><testcase classname="backend.tests.test_gst_billing.TestInvoiceCRUD" name="test_update_invoice" time="0.192" /><testcase classname="backend.tests.test_gst_billing.TestInvoiceCRUD" name="test_cancel_then_no_edit" time="0.600" /><testcase classname="backend.tests.test_gst_billing.TestListSummary" name="test_summary" time="0.103" /><testcase classname="backend.tests.test_gst_billing.TestListSummary" name="test_list_pagination" time="0.102" /><testcase classname="backend.tests.test_gst_billing.TestListSummary" name="test_list_filters" time="0.098" /><testcase classname="backend.tests.test_gst_billing.TestAutoGen" name="test_lpg_refill_auto_invoice" time="0.289" /><testcase classname="backend.tests.test_gst_billing.TestAutoGen" name="test_duplicate_generate_returns_400" time="0.195" /><testcase classname="backend.tests.test_gst_billing.TestAutoGen" name="test_generate_invalid_sale_type" time="0.110" /><testcase classname="backend.tests.test_gst_billing.TestExports" name="test_excel_export" time="0.112" /><testcase classname="backend.tests.test_gst_billing.TestExports" name="test_pdf_export" time="0.232" /></testsuite></testsuites>