<?xml version="1.0" encoding="utf-8"?><testsuites name="pytest tests"><testsuite name="pytest" errors="0" failures="0" skipped="0" tests="26" time="15.411" timestamp="2026-04-04T08:20:28.693950+00:00" hostname="agent-env-2b0c22bf-0201-4eb8-983d-1c21efeb7101"><testcase classname="tests.test_hrms_attendance_bulk_upload.TestAttendanceBulkUpload" name="test_template_download_success" time="0.651" /><testcase classname="tests.test_hrms_attendance_bulk_upload.TestAttendanceBulkUpload" name="test_template_download_requires_auth" time="0.549" /><testcase classname="tests.test_hrms_attendance_bulk_upload.TestAttendanceBulkUpload" name="test_template_has_employee_list_sheet" time="0.759" /><testcase classname="tests.test_hrms_attendance_bulk_upload.TestAttendanceBulkUpload" name="test_template_has_correct_headers" time="0.555" /><testcase classname="tests.test_hrms_attendance_bulk_upload.TestAttendanceBulkUpload" name="test_validate_valid_file" time="0.996" /><testcase classname="tests.test_hrms_attendance_bulk_upload.TestAttendanceBulkUpload" name="test_validate_missing_employee_id" time="0.533" /><testcase classname="tests.test_hrms_attendance_bulk_upload.TestAttendanceBulkUpload" name="test_validate_missing_date" time="0.536" /><testcase classname="tests.test_hrms_attendance_bulk_upload.TestAttendanceBulkUpload" name="test_validate_missing_status" time="0.544" /><testcase classname="tests.test_hrms_attendance_bulk_upload.TestAttendanceBulkUpload" name="test_validate_invalid_employee_code" time="0.542" /><testcase classname="tests.test_hrms_attendance_bulk_upload.TestAttendanceBulkUpload" name="test_validate_invalid_date_format" time="0.526" /><testcase classname="tests.test_hrms_attendance_bulk_upload.TestAttendanceBulkUpload" name="test_validate_invalid_status" time="0.536" /><testcase classname="tests.test_hrms_attendance_bulk_upload.TestAttendanceBulkUpload" name="test_validate_leave_without_leave_type" time="0.536" /><testcase classname="tests.test_hrms_attendance_bulk_upload.TestAttendanceBulkUpload" name="test_validate_duplicate_employee_date_in_file" time="0.546" /><testcase classname="tests.test_hrms_attendance_bulk_upload.TestAttendanceBulkUpload" name="test_validate_detects_existing_records" time="0.626" /><testcase classname="tests.test_hrms_attendance_bulk_upload.TestAttendanceBulkUpload" name="test_validate_requires_auth" time="0.535" /><testcase classname="tests.test_hrms_attendance_bulk_upload.TestAttendanceBulkUpload" name="test_validate_rejects_non_xlsx" time="0.536" /><testcase classname="tests.test_hrms_attendance_bulk_upload.TestAttendanceBulkUpload" name="test_confirm_skip_mode" time="0.650" /><testcase classname="tests.test_hrms_attendance_bulk_upload.TestAttendanceBulkUpload" name="test_confirm_overwrite_mode" time="0.775" /><testcase classname="tests.test_hrms_attendance_bulk_upload.TestAttendanceBulkUpload" name="test_confirm_empty_rows_error" time="0.521" /><testcase classname="tests.test_hrms_attendance_bulk_upload.TestAttendanceBulkUpload" name="test_confirm_requires_auth" time="0.531" /><testcase classname="tests.test_hrms_attendance_bulk_upload.TestAttendanceBulkUpload" name="test_error_report_generation" time="0.550" /><testcase classname="tests.test_hrms_attendance_bulk_upload.TestAttendanceBulkUpload" name="test_error_report_requires_auth" time="0.533" /><testcase classname="tests.test_hrms_attendance_bulk_upload.TestAttendanceBulkUpload" name="test_daily_attendance_endpoint" time="0.556" /><testcase classname="tests.test_hrms_attendance_bulk_upload.TestAttendanceBulkUpload" name="test_monthly_summary_endpoint" time="0.598" /><testcase classname="tests.test_hrms_attendance_bulk_upload.TestAttendanceBulkUpload" name="test_employee_overview_endpoint" time="0.548" /><testcase classname="tests.test_hrms_attendance_bulk_upload.TestAttendanceBulkUpload" name="test_mark_attendance_endpoint" time="0.543" /></testsuite></testsuites>