<?xml version="1.0" encoding="utf-8"?><testsuites name="pytest tests"><testsuite name="pytest" errors="0" failures="0" skipped="0" tests="6" time="3.553" timestamp="2026-06-29T08:52:43.012120+00:00" hostname="agent-env-2b0c22bf-0201-4eb8-983d-1c21efeb7101"><testcase classname="backend.tests.test_gst_billing_phase_a.TestConfigNewFields" name="test_get_config_has_all_new_fields" time="0.545" /><testcase classname="backend.tests.test_gst_billing_phase_a.TestConfigNewFields" name="test_put_config_persists_all_new_fields" time="0.218" /><testcase classname="backend.tests.test_gst_billing_phase_a.TestPlantWarehouseExclusion" name="test_plant_warehouse_sale_skips_invoice" time="1.668" /><testcase classname="backend.tests.test_gst_billing_phase_a.TestExcelExport" name="test_excel_export_structure" time="0.248" /><testcase classname="backend.tests.test_gst_billing_phase_a.TestPdfExport" name="test_pdf_export_valid" time="0.368" /><testcase classname="backend.tests.test_gst_billing_phase_a.TestAmountInWords" name="test_amount_in_words_samples" time="0.274" /></testsuite></testsuites>