<?xml version="1.0" encoding="utf-8"?><testsuites name="pytest tests"><testsuite name="pytest" errors="0" failures="0" skipped="0" tests="27" time="2.868" timestamp="2026-02-23T06:41:15.038509+00:00" hostname="agent-env-c2dd9551-9d82-44bd-a1a9-c73119633d8d"><testcase classname="tests.test_order_management.TestOrderManagement" name="test_admin_login_success" time="0.443" /><testcase classname="tests.test_order_management.TestOrderManagement" name="test_jullang_login_success" time="0.349" /><testcase classname="tests.test_order_management.TestOrderManagement" name="test_hollongi_login_success" time="0.325" /><testcase classname="tests.test_order_management.TestOrderManagement" name="test_hollongi_cannot_create_order" time="0.064" /><testcase classname="tests.test_order_management.TestOrderManagement" name="test_jullang_create_order_auto_sequence" time="0.054" /><testcase classname="tests.test_order_management.TestOrderManagement" name="test_jullang_create_second_order_sequence" time="0.071" /><testcase classname="tests.test_order_management.TestOrderManagement" name="test_jullang_create_order_credit_pending" time="0.056" /><testcase classname="tests.test_order_management.TestOrderManagement" name="test_jullang_get_orders" time="0.067" /><testcase classname="tests.test_order_management.TestOrderManagement" name="test_hollongi_cannot_see_orders" time="0.049" /><testcase classname="tests.test_order_management.TestOrderManagement" name="test_filter_by_payment_mode_cash" time="0.053" /><testcase classname="tests.test_order_management.TestOrderManagement" name="test_filter_by_payment_mode_credit" time="0.054" /><testcase classname="tests.test_order_management.TestOrderManagement" name="test_filter_by_connection_domestic" time="0.056" /><testcase classname="tests.test_order_management.TestOrderManagement" name="test_filter_by_connection_commercial" time="0.053" /><testcase classname="tests.test_order_management.TestOrderManagement" name="test_search_by_customer_name" time="0.052" /><testcase classname="tests.test_order_management.TestOrderManagement" name="test_search_by_order_no" time="0.054" /><testcase classname="tests.test_order_management.TestOrderManagement" name="test_order_summary_stats" time="0.060" /><testcase classname="tests.test_order_management.TestOrderManagement" name="test_jullang_edit_same_day_order" time="0.062" /><testcase classname="tests.test_order_management.TestOrderManagement" name="test_get_single_order" time="0.080" /><testcase classname="tests.test_order_management.TestOrderManagement" name="test_download_single_order_pdf" time="0.057" /><testcase classname="tests.test_order_management.TestOrderManagement" name="test_export_orders_pdf" time="0.062" /><testcase classname="tests.test_order_management.TestOrderManagement" name="test_export_orders_excel" time="0.061" /><testcase classname="tests.test_order_management.TestOrderManagement" name="test_admin_create_order_for_warehouse" time="0.053" /><testcase classname="tests.test_order_management.TestOrderManagement" name="test_admin_can_see_all_orders" time="0.052" /><testcase classname="tests.test_order_management.TestOrderManagement" name="test_admin_delete_order" time="0.127" /><testcase classname="tests.test_order_management.TestOrderManagement" name="test_manager_cannot_delete_order" time="0.061" /><testcase classname="tests.test_order_management.TestOrderManagement" name="test_admin_get_warehouses_for_order" time="0.051" /><testcase classname="tests.test_order_management.TestOrderManagement" name="test_cleanup_test_orders" time="0.201" /></testsuite></testsuites>