<?xml version="1.0" encoding="utf-8"?><testsuites name="pytest tests"><testsuite name="pytest" errors="0" failures="0" skipped="0" tests="11" time="5.374" timestamp="2026-06-30T05:33:42.382132+00:00" hostname="agent-env-2b0c22bf-0201-4eb8-983d-1c21efeb7101"><testcase classname="backend.tests.test_gst_item_master_sync.TestBackfill" name="test_backfill_links_master_items" time="0.525" /><testcase classname="backend.tests.test_gst_item_master_sync.TestBackfill" name="test_known_items_are_linked" time="0.246" /><testcase classname="backend.tests.test_gst_item_master_sync.TestCascadeUpdate" name="test_post_plan_preserves_item_id" time="0.455" /><testcase classname="backend.tests.test_gst_item_master_sync.TestCascadeUpdate" name="test_cascade_name_hsn_unit_gst" time="0.636" /><testcase classname="backend.tests.test_gst_item_master_sync.TestCascadeUpdate" name="test_cascade_excludes_unit_price" time="0.620" /><testcase classname="backend.tests.test_gst_item_master_sync.TestActivateDeactivate" name="test_deactivate_then_list_shows_inactive" time="0.423" /><testcase classname="backend.tests.test_gst_item_master_sync.TestActivateDeactivate" name="test_activate_restores" time="0.493" /><testcase classname="backend.tests.test_gst_item_master_sync.TestActivateDeactivate" name="test_activate_404_for_unknown" time="0.105" /><testcase classname="backend.tests.test_gst_item_master_sync.TestActivateDeactivate" name="test_non_admin_403" time="0.625" /><testcase classname="backend.tests.test_gst_item_master_sync.TestHistoricalInvariant" name="test_invoice_not_cascaded_when_item_renamed" time="0.622" /><testcase classname="backend.tests.test_gst_item_master_sync.TestPlanPutPreservesItemId" name="test_put_preserves_item_id" time="0.568" /></testsuite></testsuites>