<?xml version="1.0" encoding="utf-8"?><testsuites name="pytest tests"><testsuite name="pytest" errors="0" failures="0" skipped="0" tests="14" time="6.278" timestamp="2026-03-13T07:17:42.439876+00:00" hostname="agent-env-f7489d86-c782-41a9-8e44-c263ac9f4d41"><testcase classname="backend.tests.test_sales_accessory_integration.TestSalesAccessoryIntegration" name="test_accessory_sales_summary_endpoint" time="0.452" /><testcase classname="backend.tests.test_sales_accessory_integration.TestSalesAccessoryIntegration" name="test_accessory_sales_summary_with_date_filter" time="0.424" /><testcase classname="backend.tests.test_sales_accessory_integration.TestSalesAccessoryIntegration" name="test_accessory_sales_list_endpoint" time="0.431" /><testcase classname="backend.tests.test_sales_accessory_integration.TestSalesAccessoryIntegration" name="test_cylinder_sales_entries_endpoint" time="0.431" /><testcase classname="backend.tests.test_sales_accessory_integration.TestSalesAccessoryIntegration" name="test_sales_summary_endpoint" time="0.436" /><testcase classname="backend.tests.test_sales_accessory_integration.TestSalesAccessoryIntegration" name="test_export_sales_pdf_includes_accessory" time="0.447" /><testcase classname="backend.tests.test_sales_accessory_integration.TestSalesAccessoryIntegration" name="test_export_sales_pdf_with_date_filter" time="0.432" /><testcase classname="backend.tests.test_sales_accessory_integration.TestSalesAccessoryIntegration" name="test_export_sales_pdf_with_payment_mode_filter" time="0.448" /><testcase classname="backend.tests.test_sales_accessory_integration.TestSalesAccessoryIntegration" name="test_export_sales_excel_includes_accessory" time="0.435" /><testcase classname="backend.tests.test_sales_accessory_integration.TestSalesAccessoryIntegration" name="test_export_sales_excel_with_date_filter" time="0.438" /><testcase classname="backend.tests.test_sales_accessory_integration.TestSalesAccessoryIntegration" name="test_export_sales_excel_with_connection_type_filter" time="0.423" /><testcase classname="backend.tests.test_sales_accessory_integration.TestSalesExecAccess" name="test_sales_exec_can_view_accessory_summary" time="0.448" /><testcase classname="backend.tests.test_sales_accessory_integration.TestSalesExecAccess" name="test_sales_exec_can_export_sales_pdf" time="0.431" /><testcase classname="backend.tests.test_sales_accessory_integration.TestGrandTotalCalculation" name="test_grand_total_combines_both_sales" time="0.525" /></testsuite></testsuites>