<?xml version="1.0" encoding="utf-8"?><testsuites name="pytest tests"><testsuite name="pytest" errors="0" failures="0" skipped="0" tests="11" time="7.845" timestamp="2026-03-25T06:40:27.893068+00:00" hostname="agent-env-2b0c22bf-0201-4eb8-983d-1c21efeb7101"><testcase classname="backend.tests.test_customer_edit_delete.TestCustomerEditDeleteAccessControl" name="test_admin_can_edit_any_customer" time="0.630" /><testcase classname="backend.tests.test_customer_edit_delete.TestCustomerEditDeleteAccessControl" name="test_admin_can_delete_any_customer" time="0.455" /><testcase classname="backend.tests.test_customer_edit_delete.TestCustomerEditDeleteAccessControl" name="test_manager_can_edit_own_warehouse_customer" time="0.747" /><testcase classname="backend.tests.test_customer_edit_delete.TestCustomerEditDeleteAccessControl" name="test_manager_cannot_edit_other_warehouse_customer" time="0.814" /><testcase classname="backend.tests.test_customer_edit_delete.TestCustomerEditDeleteAccessControl" name="test_manager_can_delete_own_warehouse_customer" time="0.713" /><testcase classname="backend.tests.test_customer_edit_delete.TestCustomerEditDeleteAccessControl" name="test_manager_cannot_delete_other_warehouse_customer" time="0.737" /><testcase classname="backend.tests.test_customer_edit_delete.TestCustomerEditDeleteAccessControl" name="test_sales_executive_cannot_edit_customer" time="0.726" /><testcase classname="backend.tests.test_customer_edit_delete.TestCustomerEditDeleteAccessControl" name="test_sales_executive_cannot_delete_customer" time="0.826" /><testcase classname="backend.tests.test_customer_edit_delete.TestCustomerEditDeleteAccessControl" name="test_get_customer_linked_records" time="0.550" /><testcase classname="backend.tests.test_customer_edit_delete.TestCustomerEditDeleteAccessControl" name="test_manager_can_get_linked_records_own_warehouse" time="0.729" /><testcase classname="backend.tests.test_customer_edit_delete.TestCustomerEditDeleteAccessControl" name="test_manager_cannot_get_linked_records_other_warehouse" time="0.726" /></testsuite></testsuites>