<?xml version="1.0" encoding="utf-8"?><testsuites name="pytest tests"><testsuite name="pytest" errors="0" failures="0" skipped="0" tests="20" time="3.890" timestamp="2026-03-17T06:17:17.648515+00:00" hostname="agent-env-f7489d86-c782-41a9-8e44-c263ac9f4d41"><testcase classname="backend.tests.test_customer_order_report.TestCustomerOrderReport" name="test_login_admin_success" time="0.496" /><testcase classname="backend.tests.test_customer_order_report.TestCustomerOrderReport" name="test_login_manager_success" time="0.381" /><testcase classname="backend.tests.test_customer_order_report.TestCustomerOrderReport" name="test_customer_order_report_admin_access" time="0.485" /><testcase classname="backend.tests.test_customer_order_report.TestCustomerOrderReport" name="test_customer_order_report_manager_forbidden" time="0.440" /><testcase classname="backend.tests.test_customer_order_report.TestCustomerOrderReport" name="test_customer_order_report_unauthenticated" time="0.136" /><testcase classname="backend.tests.test_customer_order_report.TestCustomerOrderReport" name="test_customer_order_report_warehouse_filter" time="0.255" /><testcase classname="backend.tests.test_customer_order_report.TestCustomerOrderReport" name="test_customer_order_report_date_range_filter" time="0.103" /><testcase classname="backend.tests.test_customer_order_report.TestCustomerOrderReport" name="test_customer_order_report_search_filter" time="0.108" /><testcase classname="backend.tests.test_customer_order_report.TestCustomerOrderReport" name="test_customer_order_report_customer_structure" time="0.136" /><testcase classname="backend.tests.test_customer_order_report.TestCustomerOrderReport" name="test_customer_order_report_entry_structure" time="0.111" /><testcase classname="backend.tests.test_customer_order_report.TestCustomerOrderReport" name="test_customer_order_report_entries_sorted_by_date" time="0.103" /><testcase classname="backend.tests.test_customer_order_report.TestCustomerOrderReport" name="test_customer_order_report_customers_sorted_alphabetically" time="0.104" /><testcase classname="backend.tests.test_customer_order_report.TestCustomerOrderReport" name="test_export_pdf_admin_access" time="0.113" /><testcase classname="backend.tests.test_customer_order_report.TestCustomerOrderReport" name="test_export_pdf_manager_forbidden" time="0.121" /><testcase classname="backend.tests.test_customer_order_report.TestCustomerOrderReport" name="test_export_pdf_with_warehouse_filter" time="0.119" /><testcase classname="backend.tests.test_customer_order_report.TestCustomerOrderReport" name="test_export_pdf_with_date_filters" time="0.109" /><testcase classname="backend.tests.test_customer_order_report.TestCustomerOrderReport" name="test_export_excel_admin_access" time="0.113" /><testcase classname="backend.tests.test_customer_order_report.TestCustomerOrderReport" name="test_export_excel_manager_forbidden" time="0.103" /><testcase classname="backend.tests.test_customer_order_report.TestCustomerOrderReport" name="test_export_excel_with_warehouse_filter" time="0.151" /><testcase classname="backend.tests.test_customer_order_report.TestCustomerOrderReport" name="test_export_excel_with_date_filters" time="0.113" /></testsuite></testsuites>