<?xml version="1.0" encoding="utf-8"?><testsuites name="pytest tests"><testsuite name="pytest" errors="0" failures="0" skipped="0" tests="22" time="3.296" timestamp="2026-04-04T08:08:51.631178+00:00" hostname="agent-env-2b0c22bf-0201-4eb8-983d-1c21efeb7101"><testcase classname="backend.tests.test_hrms_bulk_upload.TestBulkUploadTemplate" name="test_download_template_success" time="0.487" /><testcase classname="backend.tests.test_hrms_bulk_upload.TestBulkUploadTemplate" name="test_download_template_without_auth" time="0.094" /><testcase classname="backend.tests.test_hrms_bulk_upload.TestBulkUploadValidation" name="test_validate_valid_file" time="0.356" /><testcase classname="backend.tests.test_hrms_bulk_upload.TestBulkUploadValidation" name="test_validate_missing_required_fields" time="0.112" /><testcase classname="backend.tests.test_hrms_bulk_upload.TestBulkUploadValidation" name="test_validate_invalid_pan_format" time="0.108" /><testcase classname="backend.tests.test_hrms_bulk_upload.TestBulkUploadValidation" name="test_validate_invalid_aadhaar_format" time="0.105" /><testcase classname="backend.tests.test_hrms_bulk_upload.TestBulkUploadValidation" name="test_validate_invalid_date_format" time="0.118" /><testcase classname="backend.tests.test_hrms_bulk_upload.TestBulkUploadValidation" name="test_validate_duplicate_ids_in_file" time="0.107" /><testcase classname="backend.tests.test_hrms_bulk_upload.TestBulkUploadValidation" name="test_validate_auto_capitalize_names" time="0.113" /><testcase classname="backend.tests.test_hrms_bulk_upload.TestBulkUploadValidation" name="test_validate_non_xlsx_file_rejected" time="0.098" /><testcase classname="backend.tests.test_hrms_bulk_upload.TestBulkUploadValidation" name="test_validate_without_auth" time="0.112" /><testcase classname="backend.tests.test_hrms_bulk_upload.TestBulkUploadConfirm" name="test_confirm_skip_mode" time="0.216" /><testcase classname="backend.tests.test_hrms_bulk_upload.TestBulkUploadConfirm" name="test_confirm_overwrite_mode" time="0.203" /><testcase classname="backend.tests.test_hrms_bulk_upload.TestBulkUploadConfirm" name="test_confirm_empty_rows_rejected" time="0.098" /><testcase classname="backend.tests.test_hrms_bulk_upload.TestBulkUploadConfirm" name="test_confirm_without_auth" time="0.098" /><testcase classname="backend.tests.test_hrms_bulk_upload.TestBulkUploadErrorReport" name="test_download_error_report" time="0.101" /><testcase classname="backend.tests.test_hrms_bulk_upload.TestBulkUploadErrorReport" name="test_error_report_without_auth" time="0.096" /><testcase classname="backend.tests.test_hrms_bulk_upload.TestUploadLogs" name="test_get_upload_logs" time="0.100" /><testcase classname="backend.tests.test_hrms_bulk_upload.TestUploadLogs" name="test_upload_logs_without_auth" time="0.100" /><testcase classname="backend.tests.test_hrms_bulk_upload.TestEmployeeCRUDRegression" name="test_get_employees" time="0.104" /><testcase classname="backend.tests.test_hrms_bulk_upload.TestEmployeeCRUDRegression" name="test_get_departments" time="0.104" /><testcase classname="backend.tests.test_hrms_bulk_upload.TestCleanup" name="test_cleanup_test_employees" time="0.206" /></testsuite></testsuites>