<?xml version="1.0" encoding="utf-8"?><testsuites name="pytest tests"><testsuite name="pytest" errors="0" failures="0" skipped="0" tests="21" time="9.564" timestamp="2026-04-04T09:01:35.801148+00:00" hostname="agent-env-2b0c22bf-0201-4eb8-983d-1c21efeb7101"><testcase classname="backend.tests.test_access_control.TestLoginAndAllowedDashboards" name="test_admin_login_returns_both_dashboards" time="0.351" /><testcase classname="backend.tests.test_access_control.TestLoginAndAllowedDashboards" name="test_hr_admin_login_returns_hrms_only" time="0.321" /><testcase classname="backend.tests.test_access_control.TestLoginAndAllowedDashboards" name="test_employee_login_returns_hrms_only" time="0.331" /><testcase classname="backend.tests.test_access_control.TestLoginAndAllowedDashboards" name="test_sales_executive_login_returns_inventory_only" time="0.328" /><testcase classname="backend.tests.test_access_control.TestAuthMeEndpoint" name="test_admin_me_returns_both_dashboards" time="0.478" /><testcase classname="backend.tests.test_access_control.TestAuthMeEndpoint" name="test_hr_admin_me_returns_hrms_only" time="0.420" /><testcase classname="backend.tests.test_access_control.TestAuthMeEndpoint" name="test_employee_me_returns_hrms_and_linked_employee_id" time="0.433" /><testcase classname="backend.tests.test_access_control.TestAuthMeEndpoint" name="test_sales_me_returns_inventory_only" time="0.441" /><testcase classname="backend.tests.test_access_control.TestHRMSAccessMiddleware" name="test_admin_can_access_hrms_dashboard" time="0.449" /><testcase classname="backend.tests.test_access_control.TestHRMSAccessMiddleware" name="test_hr_admin_can_access_hrms_dashboard" time="0.446" /><testcase classname="backend.tests.test_access_control.TestHRMSAccessMiddleware" name="test_employee_can_access_hrms_dashboard" time="0.442" /><testcase classname="backend.tests.test_access_control.TestHRMSAccessMiddleware" name="test_sales_cannot_access_hrms_dashboard" time="0.418" /><testcase classname="backend.tests.test_access_control.TestEmployeeAttendanceRestriction" name="test_employee_attendance_restricted_to_own_records" time="0.551" /><testcase classname="backend.tests.test_access_control.TestEmployeeAttendanceRestriction" name="test_hr_admin_can_see_all_attendance" time="0.446" /><testcase classname="backend.tests.test_access_control.TestUserCreationWithRoles" name="test_create_hr_admin_user" time="0.742" /><testcase classname="backend.tests.test_access_control.TestUserCreationWithRoles" name="test_create_employee_user_with_linked_employee_id" time="0.747" /><testcase classname="backend.tests.test_access_control.TestRegressionHRMSDashboard" name="test_hrms_dashboard_loads_for_admin" time="0.435" /><testcase classname="backend.tests.test_access_control.TestRegressionHRMSDashboard" name="test_hrms_dashboard_loads_for_hr_admin" time="0.446" /><testcase classname="backend.tests.test_access_control.TestRegressionHRMSDashboard" name="test_hrms_dashboard_loads_for_employee" time="0.436" /><testcase classname="backend.tests.test_access_control.TestRegressionAdminBothDashboards" name="test_admin_can_access_inventory_dashboard" time="0.418" /><testcase classname="backend.tests.test_access_control.TestRegressionAdminBothDashboards" name="test_admin_can_access_hrms_dashboard" time="0.426" /></testsuite></testsuites>