<?xml version="1.0" encoding="utf-8"?><testsuites name="pytest tests"><testsuite name="pytest" errors="0" failures="0" skipped="0" tests="7" time="2.288" timestamp="2026-03-17T17:57:13.069917+00:00" hostname="agent-env-389c4791-c788-4500-b6d6-643e52a6ef57"><testcase classname="backend.tests.test_sales_cylinder_calculation.TestSalesSummaryCylinderCalculation" name="test_sales_summary_returns_categories" time="0.566" /><testcase classname="backend.tests.test_sales_cylinder_calculation.TestSalesSummaryCylinderCalculation" name="test_sales_summary_category_values" time="0.165" /><testcase classname="backend.tests.test_sales_cylinder_calculation.TestSalesSummaryCylinderCalculation" name="test_sales_summary_total_cylinders" time="0.137" /><testcase classname="backend.tests.test_sales_cylinder_calculation.TestSalesSummaryCylinderCalculation" name="test_sales_summary_entry_counts" time="0.115" /><testcase classname="backend.tests.test_sales_cylinder_calculation.TestSalesExportFormat" name="test_pdf_export_downloads" time="0.464" /><testcase classname="backend.tests.test_sales_cylinder_calculation.TestSalesExportFormat" name="test_excel_export_downloads" time="0.154" /><testcase classname="backend.tests.test_sales_cylinder_calculation.TestLegacyDataFallback" name="test_summary_handles_legacy_data" time="0.627" /></testsuite></testsuites>