<?xml version="1.0" encoding="utf-8"?><testsuites name="pytest tests"><testsuite name="pytest" errors="0" failures="0" skipped="0" tests="17" time="11.222" timestamp="2026-03-17T05:17:16.351320+00:00" hostname="agent-env-f7489d86-c782-41a9-8e44-c263ac9f4d41"><testcase classname="tests.test_order_analysis.TestOrderAnalysisAuthentication" name="test_admin_can_access_order_analysis" time="0.963" /><testcase classname="tests.test_order_analysis.TestOrderAnalysisAuthentication" name="test_warehouse_manager_gets_403_on_order_analysis" time="0.865" /><testcase classname="tests.test_order_analysis.TestOrderAnalysisAuthentication" name="test_warehouse_manager_gets_403_on_order_analysis_pdf" time="0.861" /><testcase classname="tests.test_order_analysis.TestOrderAnalysisAuthentication" name="test_warehouse_manager_gets_403_on_order_analysis_excel" time="0.874" /><testcase classname="tests.test_order_analysis.TestOrderAnalysisAuthentication" name="test_unauthenticated_gets_401" time="0.836" /><testcase classname="tests.test_order_analysis.TestOrderAnalysisDataStructure" name="test_order_analysis_response_structure" time="0.480" /><testcase classname="tests.test_order_analysis.TestOrderAnalysisDataStructure" name="test_date_groups_are_descending" time="0.611" /><testcase classname="tests.test_order_analysis.TestOrderAnalysisDataStructure" name="test_order_entries_have_required_fields" time="0.479" /><testcase classname="tests.test_order_analysis.TestOrderAnalysisFilters" name="test_filter_by_warehouse" time="0.616" /><testcase classname="tests.test_order_analysis.TestOrderAnalysisFilters" name="test_filter_by_status_pending" time="0.625" /><testcase classname="tests.test_order_analysis.TestOrderAnalysisFilters" name="test_filter_by_status_delivered" time="0.619" /><testcase classname="tests.test_order_analysis.TestOrderAnalysisFilters" name="test_filter_by_date_range" time="0.598" /><testcase classname="tests.test_order_analysis.TestOrderAnalysisFilters" name="test_search_filter" time="0.760" /><testcase classname="tests.test_order_analysis.TestOrderAnalysisExports" name="test_export_pdf_returns_pdf_content_type" time="0.502" /><testcase classname="tests.test_order_analysis.TestOrderAnalysisExports" name="test_export_excel_returns_excel_content_type" time="0.477" /><testcase classname="tests.test_order_analysis.TestOrderAnalysisExports" name="test_export_pdf_with_filters" time="0.510" /><testcase classname="tests.test_order_analysis.TestOrderAnalysisExports" name="test_export_excel_with_filters" time="0.476" /></testsuite></testsuites>