<?xml version="1.0" encoding="utf-8"?><testsuites name="pytest tests"><testsuite name="pytest" errors="0" failures="0" skipped="0" tests="18" time="4.951" timestamp="2026-02-23T05:06:21.228849+00:00" hostname="agent-env-c2dd9551-9d82-44bd-a1a9-c73119633d8d"><testcase classname="backend.tests.test_dealer_reports.TestHealthAndAuth" name="test_api_root" time="0.185" /><testcase classname="backend.tests.test_dealer_reports.TestHealthAndAuth" name="test_plant_hollongi_login" time="0.350" /><testcase classname="backend.tests.test_dealer_reports.TestHealthAndAuth" name="test_admin_login" time="0.334" /><testcase classname="backend.tests.test_dealer_reports.TestDealerCRUD" name="test_get_dealers" time="0.471" /><testcase classname="backend.tests.test_dealer_reports.TestDealerCRUD" name="test_create_dealer" time="0.120" /><testcase classname="backend.tests.test_dealer_reports.TestDealerCRUD" name="test_update_dealer" time="0.217" /><testcase classname="backend.tests.test_dealer_reports.TestDealerCRUD" name="test_delete_dealer" time="0.327" /><testcase classname="backend.tests.test_dealer_reports.TestDealerEntries" name="test_create_dealer_entry" time="0.604" /><testcase classname="backend.tests.test_dealer_reports.TestDealerEntries" name="test_get_dealer_entries" time="0.230" /><testcase classname="backend.tests.test_dealer_reports.TestDealerEntries" name="test_get_dealer_summary" time="0.131" /><testcase classname="backend.tests.test_dealer_reports.TestDealerEntries" name="test_get_summary_with_date_range" time="0.125" /><testcase classname="backend.tests.test_dealer_reports.TestDealerExports" name="test_export_dealer_pdf" time="0.462" /><testcase classname="backend.tests.test_dealer_reports.TestDealerExports" name="test_export_dealer_pdf_with_filters" time="0.128" /><testcase classname="backend.tests.test_dealer_reports.TestDealerExports" name="test_export_dealer_excel" time="0.115" /><testcase classname="backend.tests.test_dealer_reports.TestDealerExports" name="test_export_dealer_excel_with_filters" time="0.122" /><testcase classname="backend.tests.test_dealer_reports.TestDealerExports" name="test_export_all_time_pdf" time="0.114" /><testcase classname="backend.tests.test_dealer_reports.TestDealerExports" name="test_export_all_time_excel" time="0.110" /><testcase classname="backend.tests.test_dealer_reports.TestCleanup" name="test_cleanup_test_dealers" time="0.681" /></testsuite></testsuites>