<?xml version="1.0" encoding="utf-8"?><testsuites name="pytest tests"><testsuite name="pytest" errors="0" failures="0" skipped="0" tests="15" time="2.557" timestamp="2026-06-30T06:25:04.544607+00:00" hostname="agent-env-2b0c22bf-0201-4eb8-983d-1c21efeb7101"><testcase classname="backend.tests.test_excel_branded_exports.TestSalesExcelBranding" name="test_sales_excel_branded" time="0.477" /><testcase classname="backend.tests.test_excel_branded_exports.TestSalesSummaryExcelBranding" name="test_sales_summary_daily" time="0.113" /><testcase classname="backend.tests.test_excel_branded_exports.TestCustomerRefillExcelBranding" name="test_customer_refill_branded" time="0.119" /><testcase classname="backend.tests.test_excel_branded_exports.TestCustomersExcelBranding" name="test_customers_excel_branded" time="0.119" /><testcase classname="backend.tests.test_excel_branded_exports.TestExportExcelDailyBranding" name="test_daily_inventory_report" time="0.117" /><testcase classname="backend.tests.test_excel_branded_exports.TestExportExcelPlantBranding" name="test_plant_main_and_breakdown_sheets_branded" time="0.120" /><testcase classname="backend.tests.test_excel_branded_exports.TestGstItemsRouteRegression" name="test_list_items_200" time="0.102" /><testcase classname="backend.tests.test_excel_branded_exports.TestGstItemsRouteRegression" name="test_template_excel_200" time="0.106" /><testcase classname="backend.tests.test_excel_branded_exports.TestGstItemsRouteRegression" name="test_history_list_200" time="0.142" /><testcase classname="backend.tests.test_excel_branded_exports.TestGstItemsRouteRegression" name="test_history_excel_200" time="0.146" /><testcase classname="backend.tests.test_excel_branded_exports.TestGstItemsRouteRegression" name="test_create_update_deactivate_activate_flow" time="0.408" /><testcase classname="backend.tests.test_excel_branded_exports.TestGstItemsRouteRegression" name="test_bulk_update_json" time="0.103" /><testcase classname="backend.tests.test_excel_branded_exports.TestGstBillingRegression" name="test_plans_list" time="0.101" /><testcase classname="backend.tests.test_excel_branded_exports.TestGstBillingRegression" name="test_invoices_paginated" time="0.101" /><testcase classname="backend.tests.test_excel_branded_exports.TestGstBillingRegression" name="test_reports_list" time="0.096" /></testsuite></testsuites>