<?xml version="1.0" encoding="utf-8"?><testsuites name="pytest tests"><testsuite name="pytest" errors="0" failures="3" skipped="0" tests="33" time="4.511" timestamp="2026-07-01T07:39:32.042169+00:00" hostname="agent-env-2b0c22bf-0201-4eb8-983d-1c21efeb7101"><testcase classname="backend.tests.test_warehouse_filter.TestWarehouseSummary" name="test_summary_no_filter_returns_all" time="0.435" /><testcase classname="backend.tests.test_warehouse_filter.TestWarehouseSummary" name="test_summary_filter_jullang" time="0.102" /><testcase classname="backend.tests.test_warehouse_filter.TestWarehouseSummary" name="test_summary_filter_fake_returns_no_rows" time="0.106" /><testcase classname="backend.tests.test_warehouse_filter.TestInvoiceListWithWarehouseFilter" name="test_invoices_filtered_by_jullang" time="0.104" /><testcase classname="backend.tests.test_warehouse_filter.TestInvoiceListWithWarehouseFilter" name="test_invoices_filtered_by_fake_is_empty" time="0.112" /><testcase classname="backend.tests.test_warehouse_filter.TestInvoiceListWithWarehouseFilter" name="test_summary_filtered_by_fake" time="0.164"><failure message="assert 34 == 0">backend/tests/test_warehouse_filter.py:124: in test_summary_filtered_by_fake
    assert s[key] == 0
E   assert 34 == 0</failure></testcase><testcase classname="backend.tests.test_warehouse_filter.TestInvoiceListWithWarehouseFilter" name="test_discrepancies_filtered_by_fake" time="0.096" /><testcase classname="backend.tests.test_warehouse_filter.TestInvoiceListWithWarehouseFilter" name="test_party_ledger_customers_filtered_by_fake" time="0.099" /><testcase classname="backend.tests.test_warehouse_filter.TestReportsWarehouseFilter" name="test_report_with_fake_warehouse_returns_empty[daily_sales]" time="0.103" /><testcase classname="backend.tests.test_warehouse_filter.TestReportsWarehouseFilter" name="test_report_with_fake_warehouse_returns_empty[monthly_sales]" time="0.090" /><testcase classname="backend.tests.test_warehouse_filter.TestReportsWarehouseFilter" name="test_report_with_fake_warehouse_returns_empty[gst_report]" time="0.101" /><testcase classname="backend.tests.test_warehouse_filter.TestReportsWarehouseFilter" name="test_report_with_fake_warehouse_returns_empty[hsn_summary]" time="0.097" /><testcase classname="backend.tests.test_warehouse_filter.TestReportsWarehouseFilter" name="test_report_with_fake_warehouse_returns_empty[item_wise]" time="0.105" /><testcase classname="backend.tests.test_warehouse_filter.TestReportsWarehouseFilter" name="test_report_with_fake_warehouse_returns_empty[customer_wise]" time="0.098" /><testcase classname="backend.tests.test_warehouse_filter.TestReportsWarehouseFilter" name="test_report_with_fake_warehouse_returns_empty[warehouse_wise]" time="0.093" /><testcase classname="backend.tests.test_warehouse_filter.TestReportsWarehouseFilter" name="test_report_with_fake_warehouse_returns_empty[cancelled]" time="0.100" /><testcase classname="backend.tests.test_warehouse_filter.TestReportsWarehouseFilter" name="test_report_with_fake_warehouse_returns_empty[payment_wise]" time="0.097" /><testcase classname="backend.tests.test_warehouse_filter.TestReportsWarehouseFilter" name="test_report_with_fake_warehouse_returns_empty[tax_summary]" time="0.131" /><testcase classname="backend.tests.test_warehouse_filter.TestReportsWarehouseFilter" name="test_report_with_fake_warehouse_returns_empty[discrepancy_invoices]" time="0.100" /><testcase classname="backend.tests.test_warehouse_filter.TestReportsWarehouseFilter" name="test_report_with_jullang_warehouse_returns_200[daily_sales]" time="0.099" /><testcase classname="backend.tests.test_warehouse_filter.TestReportsWarehouseFilter" name="test_report_with_jullang_warehouse_returns_200[monthly_sales]" time="0.096" /><testcase classname="backend.tests.test_warehouse_filter.TestReportsWarehouseFilter" name="test_report_with_jullang_warehouse_returns_200[gst_report]" time="0.124" /><testcase classname="backend.tests.test_warehouse_filter.TestReportsWarehouseFilter" name="test_report_with_jullang_warehouse_returns_200[hsn_summary]" time="0.099" /><testcase classname="backend.tests.test_warehouse_filter.TestReportsWarehouseFilter" name="test_report_with_jullang_warehouse_returns_200[item_wise]" time="0.104" /><testcase classname="backend.tests.test_warehouse_filter.TestReportsWarehouseFilter" name="test_report_with_jullang_warehouse_returns_200[customer_wise]" time="0.105" /><testcase classname="backend.tests.test_warehouse_filter.TestReportsWarehouseFilter" name="test_report_with_jullang_warehouse_returns_200[warehouse_wise]" time="0.098" /><testcase classname="backend.tests.test_warehouse_filter.TestReportsWarehouseFilter" name="test_report_with_jullang_warehouse_returns_200[cancelled]" time="0.104" /><testcase classname="backend.tests.test_warehouse_filter.TestReportsWarehouseFilter" name="test_report_with_jullang_warehouse_returns_200[payment_wise]" time="0.422" /><testcase classname="backend.tests.test_warehouse_filter.TestReportsWarehouseFilter" name="test_report_with_jullang_warehouse_returns_200[tax_summary]" time="0.097" /><testcase classname="backend.tests.test_warehouse_filter.TestReportsWarehouseFilter" name="test_report_with_jullang_warehouse_returns_200[discrepancy_invoices]" time="0.097" /><testcase classname="backend.tests.test_warehouse_filter.TestReportExports" name="test_excel_export_with_warehouse" time="0.110"><failure message="AssertionError: {&quot;detail&quot;:&quot;Not Found&quot;}&#10;assert 404 == 200&#10; +  where 404 = &lt;Response [404]&gt;.status_code">backend/tests/test_warehouse_filter.py:169: in test_excel_export_with_warehouse
    assert r.status_code == 200, r.text[:300]
E   AssertionError: {"detail":"Not Found"}
E   assert 404 == 200
E    +  where 404 = &lt;Response [404]&gt;.status_code</failure></testcase><testcase classname="backend.tests.test_warehouse_filter.TestReportExports" name="test_pdf_export_with_warehouse" time="0.096"><failure message="AssertionError: {&quot;detail&quot;:&quot;Not Found&quot;}&#10;assert 404 == 200&#10; +  where 404 = &lt;Response [404]&gt;.status_code">backend/tests/test_warehouse_filter.py:178: in test_pdf_export_with_warehouse
    assert r.status_code == 200, r.text[:300]
E   AssertionError: {"detail":"Not Found"}
E   assert 404 == 200
E    +  where 404 = &lt;Response [404]&gt;.status_code</failure></testcase><testcase classname="backend.tests.test_warehouse_filter.TestNonAdminHardLock" name="test_employee_cannot_bypass_via_warehouse_ids" time="0.430" /></testsuite></testsuites>